<?xml version="1.0" encoding="UTF-8" standalone="yes"?><!DOCTYPE report PUBLIC "-//JACOCO//DTD Report 1.1//EN" "report.dtd"><report name="JaCoCo Coverage Report"><sessioninfo id="yanglindeMacBook-Pro.local-6c73f4e" start="1741688159987" dump="1741688160291"/><sessioninfo id="yanglindeMacBook-Pro.local-966e6e23" start="1741688160342" dump="1741688162884"/><package name="org/apache/commons/csv"><class name="org/apache/commons/csv/Constants" sourcefilename="Constants.java"><method name="&lt;init&gt;" desc="()V" line="23"><counter type="INSTRUCTION" missed="3" covered="0"/><counter type="LINE" missed="1" covered="0"/><counter type="COMPLEXITY" missed="1" covered="0"/><counter type="METHOD" missed="1" covered="0"/></method><method name="&lt;clinit&gt;" desc="()V" line="41"><counter type="INSTRUCTION" missed="0" covered="4"/><counter type="LINE" missed="0" covered="1"/><counter type="COMPLEXITY" missed="0" covered="1"/><counter type="METHOD" missed="0" covered="1"/></method><counter type="INSTRUCTION" missed="3" covered="4"/><counter type="LINE" missed="1" covered="1"/><counter type="COMPLEXITY" missed="1" covered="1"/><counter type="METHOD" missed="1" covered="1"/><counter type="CLASS" missed="0" covered="1"/></class><class name="org/apache/commons/csv/ExtendedBufferedReader" sourcefilename="ExtendedBufferedReader.java"><method name="&lt;init&gt;" desc="(Ljava/io/Reader;)V" line="39"><counter type="INSTRUCTION" missed="0" covered="7"/><counter type="LINE" missed="0" covered="3"/><counter type="COMPLEXITY" missed="0" covered="1"/><counter type="METHOD" missed="0" covered="1"/></method><method name="read" desc="()I" line="58"><counter type="INSTRUCTION" missed="0" covered="31"/><counter type="BRANCH" missed="0" covered="6"/><counter type="LINE" missed="0" covered="6"/><counter type="COMPLEXITY" missed="0" covered="4"/><counter type="METHOD" missed="0" covered="1"/></method><method name="getLastChar" desc="()I" line="76"><counter type="INSTRUCTION" missed="0" covered="3"/><counter type="LINE" missed="0" covered="1"/><counter type="COMPLEXITY" missed="0" covered="1"/><counter type="METHOD" missed="0" covered="1"/></method><method name="read" desc="([CII)I" line="81"><counter type="INSTRUCTION" missed="0" covered="81"/><counter type="BRANCH" missed="1" covered="15"/><counter type="LINE" missed="0" covered="16"/><counter type="COMPLEXITY" missed="1" covered="8"/><counter type="METHOD" missed="0" covered="1"/></method><method name="readLine" desc="()Ljava/lang/String;" line="122"><counter type="INSTRUCTION" missed="0" covered="20"/><counter type="BRANCH" missed="0" covered="2"/><counter type="LINE" missed="0" covered="6"/><counter type="COMPLEXITY" missed="0" covered="2"/><counter type="METHOD" missed="0" covered="1"/></method><method name="lookAhead" desc="()I" line="144"><counter type="INSTRUCTION" missed="0" covered="10"/><counter type="LINE" missed="0" covered="4"/><counter type="COMPLEXITY" missed="0" covered="1"/><counter type="METHOD" missed="0" covered="1"/></method><method name="getCurrentLineNumber" desc="()J" line="158"><counter type="INSTRUCTION" missed="0" covered="24"/><counter type="BRANCH" missed="0" covered="8"/><counter type="LINE" missed="0" covered="3"/><counter type="COMPLEXITY" missed="0" covered="5"/><counter type="METHOD" missed="0" covered="1"/></method><method name="getPosition" desc="()J" line="170"><counter type="INSTRUCTION" missed="0" covered="3"/><counter type="LINE" missed="0" covered="1"/><counter type="COMPLEXITY" missed="0" covered="1"/><counter type="METHOD" missed="0" covered="1"/></method><method name="isClosed" desc="()Z" line="174"><counter type="INSTRUCTION" missed="0" covered="3"/><counter type="LINE" missed="0" covered="1"/><counter type="COMPLEXITY" missed="0" covered="1"/><counter type="METHOD" missed="0" covered="1"/></method><method name="close" desc="()V" line="186"><counter type="INSTRUCTION" missed="0" covered="9"/><counter type="LINE" missed="0" covered="4"/><counter type="COMPLEXITY" missed="0" covered="1"/><counter type="METHOD" missed="0" covered="1"/></method><counter type="INSTRUCTION" missed="0" covered="191"/><counter type="BRANCH" missed="1" covered="31"/><counter type="LINE" missed="0" covered="45"/><counter type="COMPLEXITY" missed="1" covered="25"/><counter type="METHOD" missed="0" covered="10"/><counter type="CLASS" missed="0" covered="1"/></class><class name="org/apache/commons/csv/CSVRecord" sourcefilename="CSVRecord.java"><method name="&lt;init&gt;" desc="([Ljava/lang/String;Ljava/util/Map;Ljava/lang/String;JJ)V" line="52"><counter type="INSTRUCTION" missed="1" covered="21"/><counter type="BRANCH" missed="1" covered="1"/><counter type="LINE" missed="0" covered="7"/><counter type="COMPLEXITY" missed="1" covered="1"/><counter type="METHOD" missed="0" covered="1"/></method><method name="get" desc="(Ljava/lang/Enum;)Ljava/lang/String;" line="68"><counter type="INSTRUCTION" missed="5" covered="0"/><counter type="LINE" missed="1" covered="0"/><counter type="COMPLEXITY" missed="1" covered="0"/><counter type="METHOD" missed="1" covered="0"/></method><method name="get" desc="(I)Ljava/lang/String;" line="79"><counter type="INSTRUCTION" missed="0" covered="5"/><counter type="LINE" missed="0" covered="1"/><counter type="COMPLEXITY" missed="0" covered="1"/><counter type="METHOD" missed="0" covered="1"/></method><method name="get" desc="(Ljava/lang/String;)Ljava/lang/String;" line="96"><counter type="INSTRUCTION" missed="0" covered="64"/><counter type="BRANCH" missed="0" covered="4"/><counter type="LINE" missed="0" covered="8"/><counter type="COMPLEXITY" missed="0" covered="3"/><counter type="METHOD" missed="0" covered="1"/></method><method name="getCharacterPosition" desc="()J" line="121"><counter type="INSTRUCTION" missed="0" covered="3"/><counter type="LINE" missed="0" covered="1"/><counter type="COMPLEXITY" missed="0" covered="1"/><counter type="METHOD" missed="0" covered="1"/></method><method name="getComment" desc="()Ljava/lang/String;" line="133"><counter type="INSTRUCTION" missed="0" covered="3"/><counter type="LINE" missed="0" covered="1"/><counter type="COMPLEXITY" missed="0" covered="1"/><counter type="METHOD" missed="0" covered="1"/></method><method name="getRecordNumber" desc="()J" line="148"><counter type="INSTRUCTION" missed="0" covered="3"/><counter type="LINE" missed="0" covered="1"/><counter type="COMPLEXITY" missed="0" covered="1"/><counter type="METHOD" missed="0" covered="1"/></method><method name="isConsistent" desc="()Z" line="162"><counter type="INSTRUCTION" missed="0" covered="14"/><counter type="BRANCH" missed="0" covered="4"/><counter type="LINE" missed="0" covered="1"/><counter type="COMPLEXITY" missed="0" covered="3"/><counter type="METHOD" missed="0" covered="1"/></method><method name="hasComment" desc="()Z" line="175"><counter type="INSTRUCTION" missed="7" covered="0"/><counter type="BRANCH" missed="2" covered="0"/><counter type="LINE" missed="1" covered="0"/><counter type="COMPLEXITY" missed="2" covered="0"/><counter type="METHOD" missed="1" covered="0"/></method><method name="isMapped" desc="(Ljava/lang/String;)Z" line="186"><counter type="INSTRUCTION" missed="0" covered="12"/><counter type="BRANCH" missed="0" covered="4"/><counter type="LINE" missed="0" covered="1"/><counter type="COMPLEXITY" missed="0" covered="3"/><counter type="METHOD" missed="0" covered="1"/></method><method name="isSet" desc="(Ljava/lang/String;)Z" line="197"><counter type="INSTRUCTION" missed="0" covered="18"/><counter type="BRANCH" missed="0" covered="4"/><counter type="LINE" missed="0" covered="1"/><counter type="COMPLEXITY" missed="0" covered="3"/><counter type="METHOD" missed="0" covered="1"/></method><method name="iterator" desc="()Ljava/util/Iterator;" line="207"><counter type="INSTRUCTION" missed="0" covered="4"/><counter type="LINE" missed="0" covered="1"/><counter type="COMPLEXITY" missed="0" covered="1"/><counter type="METHOD" missed="0" covered="1"/></method><method name="putIn" desc="(Ljava/util/Map;)Ljava/util/Map;" line="218"><counter type="INSTRUCTION" missed="0" covered="39"/><counter type="BRANCH" missed="0" covered="6"/><counter type="LINE" missed="0" covered="8"/><counter type="COMPLEXITY" missed="0" covered="4"/><counter type="METHOD" missed="0" covered="1"/></method><method name="size" desc="()I" line="236"><counter type="INSTRUCTION" missed="0" covered="4"/><counter type="LINE" missed="0" covered="1"/><counter type="COMPLEXITY" missed="0" covered="1"/><counter type="METHOD" missed="0" covered="1"/></method><method name="toList" desc="()Ljava/util/List;" line="247"><counter type="INSTRUCTION" missed="0" covered="4"/><counter type="LINE" missed="0" covered="1"/><counter type="COMPLEXITY" missed="0" covered="1"/><counter type="METHOD" missed="0" covered="1"/></method><method name="toMap" desc="()Ljava/util/Map;" line="256"><counter type="INSTRUCTION" missed="0" covered="9"/><counter type="LINE" missed="0" covered="1"/><counter type="COMPLEXITY" missed="0" covered="1"/><counter type="METHOD" missed="0" covered="1"/></method><method name="toString" desc="()Ljava/lang/String;" line="267"><counter type="INSTRUCTION" missed="28" covered="0"/><counter type="LINE" missed="1" covered="0"/><counter type="COMPLEXITY" missed="1" covered="0"/><counter type="METHOD" missed="1" covered="0"/></method><method name="values" desc="()[Ljava/lang/String;" line="273"><counter type="INSTRUCTION" missed="0" covered="3"/><counter type="LINE" missed="0" covered="1"/><counter type="COMPLEXITY" missed="0" covered="1"/><counter type="METHOD" missed="0" covered="1"/></method><method name="&lt;clinit&gt;" desc="()V" line="33"><counter type="INSTRUCTION" missed="0" covered="4"/><counter type="LINE" missed="0" covered="1"/><counter type="COMPLEXITY" missed="0" covered="1"/><counter type="METHOD" missed="0" covered="1"/></method><counter type="INSTRUCTION" missed="41" covered="210"/><counter type="BRANCH" missed="3" covered="23"/><counter type="LINE" missed="3" covered="36"/><counter type="COMPLEXITY" missed="5" covered="27"/><counter type="METHOD" missed="3" covered="16"/><counter type="CLASS" missed="0" covered="1"/></class><class name="org/apache/commons/csv/Token" sourcefilename="Token.java"><method name="&lt;init&gt;" desc="()V" line="27"><counter type="INSTRUCTION" missed="0" covered="12"/><counter type="LINE" missed="0" covered="3"/><counter type="COMPLEXITY" missed="0" covered="1"/><counter type="METHOD" missed="0" covered="1"/></method><method name="reset" desc="()V" line="59"><counter type="INSTRUCTION" missed="0" covered="11"/><counter type="LINE" missed="0" covered="4"/><counter type="COMPLEXITY" missed="0" covered="1"/><counter type="METHOD" missed="0" covered="1"/></method><method name="toString" desc="()Ljava/lang/String;" line="71"><counter type="INSTRUCTION" missed="17" covered="0"/><counter type="LINE" missed="1" covered="0"/><counter type="COMPLEXITY" missed="1" covered="0"/><counter type="METHOD" missed="1" covered="0"/></method><counter type="INSTRUCTION" missed="17" covered="23"/><counter type="LINE" missed="1" covered="7"/><counter type="COMPLEXITY" missed="1" covered="2"/><counter type="METHOD" missed="1" covered="2"/><counter type="CLASS" missed="0" covered="1"/></class><class name="org/apache/commons/csv/CSVParser" sourcefilename="CSVParser.java"><method name="parse" desc="(Ljava/io/File;Ljava/nio/charset/Charset;Lorg/apache/commons/csv/CSVFormat;)Lorg/apache/commons/csv/CSVParser;" line="153"><counter type="INSTRUCTION" missed="0" covered="19"/><counter type="LINE" missed="0" covered="3"/><counter type="COMPLEXITY" missed="0" covered="1"/><counter type="METHOD" missed="0" covered="1"/></method><method name="parse" desc="(Ljava/io/InputStream;Ljava/nio/charset/Charset;Lorg/apache/commons/csv/CSVFormat;)Lorg/apache/commons/csv/CSVParser;" line="182"><counter type="INSTRUCTION" missed="14" covered="0"/><counter type="LINE" missed="3" covered="0"/><counter type="COMPLEXITY" missed="1" covered="0"/><counter type="METHOD" missed="1" covered="0"/></method><method name="parse" desc="(Ljava/nio/file/Path;Ljava/nio/charset/Charset;Lorg/apache/commons/csv/CSVFormat;)Lorg/apache/commons/csv/CSVParser;" line="204"><counter type="INSTRUCTION" missed="12" covered="0"/><counter type="LINE" missed="3" covered="0"/><counter type="COMPLEXITY" missed="1" covered="0"/><counter type="METHOD" missed="1" covered="0"/></method><method name="parse" desc="(Ljava/io/Reader;Lorg/apache/commons/csv/CSVFormat;)Lorg/apache/commons/csv/CSVParser;" line="229"><counter type="INSTRUCTION" missed="6" covered="0"/><counter type="LINE" missed="1" covered="0"/><counter type="COMPLEXITY" missed="1" covered="0"/><counter type="METHOD" missed="1" covered="0"/></method><method name="parse" desc="(Ljava/lang/String;Lorg/apache/commons/csv/CSVFormat;)Lorg/apache/commons/csv/CSVParser;" line="246"><counter type="INSTRUCTION" missed="0" covered="15"/><counter type="LINE" missed="0" covered="3"/><counter type="COMPLEXITY" missed="0" covered="1"/><counter type="METHOD" missed="0" covered="1"/></method><method name="parse" desc="(Ljava/net/URL;Ljava/nio/charset/Charset;Lorg/apache/commons/csv/CSVFormat;)Lorg/apache/commons/csv/CSVParser;" line="273"><counter type="INSTRUCTION" missed="14" covered="6"/><counter type="LINE" missed="2" covered="2"/><counter type="COMPLEXITY" missed="0" covered="1"/><counter type="METHOD" missed="0" covered="1"/></method><method name="&lt;init&gt;" desc="(Ljava/io/Reader;Lorg/apache/commons/csv/CSVFormat;)V" line="323"><counter type="INSTRUCTION" missed="0" covered="7"/><counter type="LINE" missed="0" covered="2"/><counter type="COMPLEXITY" missed="0" covered="1"/><counter type="METHOD" missed="0" covered="1"/></method><method name="&lt;init&gt;" desc="(Ljava/io/Reader;Lorg/apache/commons/csv/CSVFormat;JJ)V" line="290"><counter type="INSTRUCTION" missed="0" covered="44"/><counter type="LINE" missed="0" covered="11"/><counter type="COMPLEXITY" missed="0" covered="1"/><counter type="METHOD" missed="0" covered="1"/></method><method name="addRecordValue" desc="(Z)V" line="362"><counter type="INSTRUCTION" missed="0" covered="40"/><counter type="BRANCH" missed="0" covered="10"/><counter type="LINE" missed="0" covered="7"/><counter type="COMPLEXITY" missed="0" covered="6"/><counter type="METHOD" missed="0" covered="1"/></method><method name="close" desc="()V" line="379"><counter type="INSTRUCTION" missed="0" covered="7"/><counter type="BRANCH" missed="1" covered="1"/><counter type="LINE" missed="0" covered="3"/><counter type="COMPLEXITY" missed="1" covered="1"/><counter type="METHOD" missed="0" covered="1"/></method><method name="getCurrentLineNumber" desc="()J" line="395"><counter type="INSTRUCTION" missed="0" covered="4"/><counter type="LINE" missed="0" covered="1"/><counter type="COMPLEXITY" missed="0" covered="1"/><counter type="METHOD" missed="0" covered="1"/></method><method name="getFirstEndOfLine" desc="()Ljava/lang/String;" line="405"><counter type="INSTRUCTION" missed="0" covered="4"/><counter type="LINE" missed="0" covered="1"/><counter type="COMPLEXITY" missed="0" covered="1"/><counter type="METHOD" missed="0" covered="1"/></method><method name="getHeaderMap" desc="()Ljava/util/Map;" line="416"><counter type="INSTRUCTION" missed="0" covered="11"/><counter type="BRANCH" missed="0" covered="2"/><counter type="LINE" missed="0" covered="1"/><counter type="COMPLEXITY" missed="0" covered="2"/><counter type="METHOD" missed="0" covered="1"/></method><method name="getRecordNumber" desc="()J" line="430"><counter type="INSTRUCTION" missed="0" covered="3"/><counter type="LINE" missed="0" covered="1"/><counter type="COMPLEXITY" missed="0" covered="1"/><counter type="METHOD" missed="0" covered="1"/></method><method name="getRecords" desc="()Ljava/util/List;" line="447"><counter type="INSTRUCTION" missed="0" covered="16"/><counter type="BRANCH" missed="0" covered="2"/><counter type="LINE" missed="0" covered="4"/><counter type="COMPLEXITY" missed="0" covered="2"/><counter type="METHOD" missed="0" covered="1"/></method><method name="initializeHeader" desc="()Ljava/util/Map;" line="461"><counter type="INSTRUCTION" missed="0" covered="105"/><counter type="BRANCH" missed="2" covered="22"/><counter type="LINE" missed="0" covered="22"/><counter type="COMPLEXITY" missed="2" covered="11"/><counter type="METHOD" missed="0" covered="1"/></method><method name="isClosed" desc="()Z" line="505"><counter type="INSTRUCTION" missed="0" covered="4"/><counter type="LINE" missed="0" covered="1"/><counter type="COMPLEXITY" missed="0" covered="1"/><counter type="METHOD" missed="0" covered="1"/></method><method name="iterator" desc="()Ljava/util/Iterator;" line="522"><counter type="INSTRUCTION" missed="0" covered="5"/><counter type="LINE" missed="0" covered="1"/><counter type="COMPLEXITY" missed="0" covered="1"/><counter type="METHOD" missed="0" covered="1"/></method><method name="nextRecord" desc="()Lorg/apache/commons/csv/CSVRecord;" line="580"><counter type="INSTRUCTION" missed="29" covered="110"/><counter type="BRANCH" missed="2" covered="14"/><counter type="LINE" missed="2" covered="25"/><counter type="COMPLEXITY" missed="2" covered="9"/><counter type="METHOD" missed="0" covered="1"/></method><counter type="INSTRUCTION" missed="75" covered="400"/><counter type="BRANCH" missed="5" covered="51"/><counter type="LINE" missed="11" covered="88"/><counter type="COMPLEXITY" missed="8" covered="41"/><counter type="METHOD" missed="3" covered="16"/><counter type="CLASS" missed="0" covered="1"/></class><class name="org/apache/commons/csv/Assertions" sourcefilename="Assertions.java"><method name="notNull" desc="(Ljava/lang/Object;Ljava/lang/String;)V" line="34"><counter type="INSTRUCTION" missed="0" covered="17"/><counter type="BRANCH" missed="0" covered="2"/><counter type="LINE" missed="0" covered="3"/><counter type="COMPLEXITY" missed="0" covered="2"/><counter type="METHOD" missed="0" covered="1"/></method><counter type="INSTRUCTION" missed="0" covered="17"/><counter type="BRANCH" missed="0" covered="2"/><counter type="LINE" missed="0" covered="3"/><counter type="COMPLEXITY" missed="0" covered="2"/><counter type="METHOD" missed="0" covered="1"/><counter type="CLASS" missed="0" covered="1"/></class><class name="org/apache/commons/csv/package-info" sourcefilename="package-info.java"/><class name="org/apache/commons/csv/QuoteMode" sourcefilename="QuoteMode.java"><method name="&lt;clinit&gt;" desc="()V" line="23"><counter type="INSTRUCTION" missed="0" covered="54"/><counter type="LINE" missed="0" covered="6"/><counter type="COMPLEXITY" missed="0" covered="1"/><counter type="METHOD" missed="0" covered="1"/></method><counter type="INSTRUCTION" missed="0" covered="54"/><counter type="LINE" missed="0" covered="6"/><counter type="COMPLEXITY" missed="0" covered="1"/><counter type="METHOD" missed="0" covered="1"/><counter type="CLASS" missed="0" covered="1"/></class><class name="org/apache/commons/csv/Lexer" sourcefilename="Lexer.java"><method name="getFirstEol" desc="()Ljava/lang/String;" line="64"><counter type="INSTRUCTION" missed="0" covered="3"/><counter type="LINE" missed="0" covered="1"/><counter type="COMPLEXITY" missed="0" covered="1"/><counter type="METHOD" missed="0" covered="1"/></method><method name="&lt;init&gt;" desc="(Lorg/apache/commons/csv/CSVFormat;Lorg/apache/commons/csv/ExtendedBufferedReader;)V" line="67"><counter type="INSTRUCTION" missed="0" covered="36"/><counter type="LINE" missed="0" covered="9"/><counter type="COMPLEXITY" missed="0" covered="1"/><counter type="METHOD" missed="0" covered="1"/></method><method name="nextToken" desc="(Lorg/apache/commons/csv/Token;)Lorg/apache/commons/csv/Token;" line="92"><counter type="INSTRUCTION" missed="5" covered="148"/><counter type="BRANCH" missed="1" covered="35"/><counter type="LINE" missed="2" covered="37"/><counter type="COMPLEXITY" missed="1" covered="18"/><counter type="METHOD" missed="0" covered="1"/></method><method name="parseSimpleToken" desc="(Lorg/apache/commons/csv/Token;I)Lorg/apache/commons/csv/Token;" line="195"><counter type="INSTRUCTION" missed="0" covered="80"/><counter type="BRANCH" missed="0" covered="12"/><counter type="LINE" missed="0" covered="22"/><counter type="COMPLEXITY" missed="0" covered="7"/><counter type="METHOD" missed="0" covered="1"/></method><method name="parseEncapsulatedToken" desc="(Lorg/apache/commons/csv/Token;)Lorg/apache/commons/csv/Token;" line="248"><counter type="INSTRUCTION" missed="41" covered="94"/><counter type="BRANCH" missed="3" covered="15"/><counter type="LINE" missed="3" covered="24"/><counter type="COMPLEXITY" missed="3" covered="7"/><counter type="METHOD" missed="0" covered="1"/></method><method name="mapNullToDisabled" desc="(Ljava/lang/Character;)C" line="298"><counter type="INSTRUCTION" missed="0" covered="7"/><counter type="BRANCH" missed="0" covered="2"/><counter type="LINE" missed="0" covered="1"/><counter type="COMPLEXITY" missed="0" covered="2"/><counter type="METHOD" missed="0" covered="1"/></method><method name="getCurrentLineNumber" desc="()J" line="307"><counter type="INSTRUCTION" missed="0" covered="4"/><counter type="LINE" missed="0" covered="1"/><counter type="COMPLEXITY" missed="0" covered="1"/><counter type="METHOD" missed="0" covered="1"/></method><method name="getCharacterPosition" desc="()J" line="316"><counter type="INSTRUCTION" missed="0" covered="4"/><counter type="LINE" missed="0" covered="1"/><counter type="COMPLEXITY" missed="0" covered="1"/><counter type="METHOD" missed="0" covered="1"/></method><method name="readEscape" desc="()I" line="333"><counter type="INSTRUCTION" missed="6" covered="25"/><counter type="BRANCH" missed="3" covered="7"/><counter type="LINE" missed="3" covered="9"/><counter type="COMPLEXITY" missed="3" covered="6"/><counter type="METHOD" missed="0" covered="1"/></method><method name="trimTrailingSpaces" desc="(Ljava/lang/StringBuilder;)V" line="364"><counter type="INSTRUCTION" missed="0" covered="25"/><counter type="BRANCH" missed="1" covered="5"/><counter type="LINE" missed="0" covered="6"/><counter type="COMPLEXITY" missed="1" covered="3"/><counter type="METHOD" missed="0" covered="1"/></method><method name="readEndOfLine" desc="(I)Z" line="380"><counter type="INSTRUCTION" missed="0" covered="44"/><counter type="BRANCH" missed="0" covered="16"/><counter type="LINE" missed="0" covered="10"/><counter type="COMPLEXITY" missed="0" covered="9"/><counter type="METHOD" missed="0" covered="1"/></method><method name="isClosed" desc="()Z" line="401"><counter type="INSTRUCTION" missed="0" covered="4"/><counter type="LINE" missed="0" covered="1"/><counter type="COMPLEXITY" missed="0" covered="1"/><counter type="METHOD" missed="0" covered="1"/></method><method name="isWhitespace" desc="(I)Z" line="408"><counter type="INSTRUCTION" missed="0" covered="12"/><counter type="BRANCH" missed="0" covered="4"/><counter type="LINE" missed="0" covered="1"/><counter type="COMPLEXITY" missed="0" covered="3"/><counter type="METHOD" missed="0" covered="1"/></method><method name="isStartOfLine" desc="(I)Z" line="418"><counter type="INSTRUCTION" missed="0" covered="13"/><counter type="BRANCH" missed="0" covered="6"/><counter type="LINE" missed="0" covered="1"/><counter type="COMPLEXITY" missed="0" covered="4"/><counter type="METHOD" missed="0" covered="1"/></method><method name="isEndOfFile" desc="(I)Z" line="425"><counter type="INSTRUCTION" missed="0" covered="7"/><counter type="BRANCH" missed="0" covered="2"/><counter type="LINE" missed="0" covered="1"/><counter type="COMPLEXITY" missed="0" covered="2"/><counter type="METHOD" missed="0" covered="1"/></method><method name="isDelimiter" desc="(I)Z" line="429"><counter type="INSTRUCTION" missed="0" covered="8"/><counter type="BRANCH" missed="0" covered="2"/><counter type="LINE" missed="0" covered="1"/><counter type="COMPLEXITY" missed="0" covered="2"/><counter type="METHOD" missed="0" covered="1"/></method><method name="isEscape" desc="(I)Z" line="433"><counter type="INSTRUCTION" missed="0" covered="8"/><counter type="BRANCH" missed="0" covered="2"/><counter type="LINE" missed="0" covered="1"/><counter type="COMPLEXITY" missed="0" covered="2"/><counter type="METHOD" missed="0" covered="1"/></method><method name="isQuoteChar" desc="(I)Z" line="437"><counter type="INSTRUCTION" missed="0" covered="8"/><counter type="BRANCH" missed="0" covered="2"/><counter type="LINE" missed="0" covered="1"/><counter type="COMPLEXITY" missed="0" covered="2"/><counter type="METHOD" missed="0" covered="1"/></method><method name="isCommentStart" desc="(I)Z" line="441"><counter type="INSTRUCTION" missed="0" covered="8"/><counter type="BRANCH" missed="0" covered="2"/><counter type="LINE" missed="0" covered="1"/><counter type="COMPLEXITY" missed="0" covered="2"/><counter type="METHOD" missed="0" covered="1"/></method><method name="isMetaChar" desc="(I)Z" line="445"><counter type="INSTRUCTION" missed="0" covered="20"/><counter type="BRANCH" missed="1" covered="7"/><counter type="LINE" missed="0" covered="1"/><counter type="COMPLEXITY" missed="1" covered="4"/><counter type="METHOD" missed="0" covered="1"/></method><method name="close" desc="()V" line="459"><counter type="INSTRUCTION" missed="0" covered="4"/><counter type="LINE" missed="0" covered="2"/><counter type="COMPLEXITY" missed="0" covered="1"/><counter type="METHOD" missed="0" covered="1"/></method><method name="&lt;clinit&gt;" desc="()V" line="41"><counter type="INSTRUCTION" missed="0" covered="7"/><counter type="LINE" missed="0" covered="2"/><counter type="COMPLEXITY" missed="0" covered="1"/><counter type="METHOD" missed="0" covered="1"/></method><counter type="INSTRUCTION" missed="52" covered="569"/><counter type="BRANCH" missed="9" covered="119"/><counter type="LINE" missed="8" covered="134"/><counter type="COMPLEXITY" missed="9" covered="80"/><counter type="METHOD" missed="0" covered="22"/><counter type="CLASS" missed="0" covered="1"/></class><class name="org/apache/commons/csv/CSVFormat$Predefined" sourcefilename="CSVFormat.java"><method name="&lt;init&gt;" desc="(Ljava/lang/String;ILorg/apache/commons/csv/CSVFormat;)V" line="215"><counter type="INSTRUCTION" missed="0" covered="8"/><counter type="LINE" missed="0" covered="3"/><counter type="COMPLEXITY" missed="0" covered="1"/><counter type="METHOD" missed="0" covered="1"/></method><method name="getFormat" desc="()Lorg/apache/commons/csv/CSVFormat;" line="225"><counter type="INSTRUCTION" missed="0" covered="3"/><counter type="LINE" missed="0" covered="1"/><counter type="COMPLEXITY" missed="0" covered="1"/><counter type="METHOD" missed="0" covered="1"/></method><method name="&lt;clinit&gt;" desc="()V" line="163"><counter type="INSTRUCTION" missed="0" covered="103"/><counter type="LINE" missed="0" covered="10"/><counter type="COMPLEXITY" missed="0" covered="1"/><counter type="METHOD" missed="0" covered="1"/></method><counter type="INSTRUCTION" missed="0" covered="114"/><counter type="LINE" missed="0" covered="14"/><counter type="COMPLEXITY" missed="0" covered="3"/><counter type="METHOD" missed="0" covered="3"/><counter type="CLASS" missed="0" covered="1"/></class><class name="org/apache/commons/csv/Token$Type" sourcefilename="Token.java"><method name="&lt;clinit&gt;" desc="()V" line="32"><counter type="INSTRUCTION" missed="0" covered="54"/><counter type="LINE" missed="0" covered="6"/><counter type="COMPLEXITY" missed="0" covered="1"/><counter type="METHOD" missed="0" covered="1"/></method><counter type="INSTRUCTION" missed="0" covered="54"/><counter type="LINE" missed="0" covered="6"/><counter type="COMPLEXITY" missed="0" covered="1"/><counter type="METHOD" missed="0" covered="1"/><counter type="CLASS" missed="0" covered="1"/></class><class name="org/apache/commons/csv/CSVFormat" sourcefilename="CSVFormat.java"><method name="isLineBreak" desc="(C)Z" line="503"><counter type="INSTRUCTION" missed="0" covered="10"/><counter type="BRANCH" missed="0" covered="4"/><counter type="LINE" missed="0" covered="1"/><counter type="COMPLEXITY" missed="0" covered="3"/><counter type="METHOD" missed="0" covered="1"/></method><method name="isLineBreak" desc="(Ljava/lang/Character;)Z" line="515"><counter type="INSTRUCTION" missed="0" covered="10"/><counter type="BRANCH" missed="0" covered="4"/><counter type="LINE" missed="0" covered="1"/><counter type="COMPLEXITY" missed="0" covered="3"/><counter type="METHOD" missed="0" covered="1"/></method><method name="newFormat" desc="(C)Lorg/apache/commons/csv/CSVFormat;" line="539"><counter type="INSTRUCTION" missed="0" covered="21"/><counter type="LINE" missed="0" covered="1"/><counter type="COMPLEXITY" missed="0" covered="1"/><counter type="METHOD" missed="0" covered="1"/></method><method name="valueOf" desc="(Ljava/lang/String;)Lorg/apache/commons/csv/CSVFormat;" line="552"><counter type="INSTRUCTION" missed="0" covered="4"/><counter type="LINE" missed="0" covered="1"/><counter type="COMPLEXITY" missed="0" covered="1"/><counter type="METHOD" missed="0" covered="1"/></method><method name="&lt;init&gt;" desc="(CLjava/lang/Character;Lorg/apache/commons/csv/QuoteMode;Ljava/lang/Character;Ljava/lang/Character;ZZLjava/lang/String;Ljava/lang/String;[Ljava/lang/Object;[Ljava/lang/String;ZZZZZZ)V" line="633"><counter type="INSTRUCTION" missed="0" covered="64"/><counter type="BRANCH" missed="0" covered="2"/><counter type="LINE" missed="0" covered="20"/><counter type="COMPLEXITY" missed="0" covered="2"/><counter type="METHOD" missed="0" covered="1"/></method><method name="equals" desc="(Ljava/lang/Object;)Z" line="656"><counter type="INSTRUCTION" missed="6" covered="138"/><counter type="BRANCH" missed="3" covered="45"/><counter type="LINE" missed="3" covered="42"/><counter type="COMPLEXITY" missed="3" covered="22"/><counter type="METHOD" missed="0" covered="1"/></method><method name="format" desc="([Ljava/lang/Object;)Ljava/lang/String;" line="731"><counter type="INSTRUCTION" missed="6" covered="21"/><counter type="LINE" missed="1" covered="5"/><counter type="COMPLEXITY" missed="0" covered="1"/><counter type="METHOD" missed="0" covered="1"/></method><method name="getAllowMissingColumnNames" desc="()Z" line="748"><counter type="INSTRUCTION" missed="0" covered="3"/><counter type="LINE" missed="0" covered="1"/><counter type="COMPLEXITY" missed="0" covered="1"/><counter type="METHOD" missed="0" covered="1"/></method><method name="getCommentMarker" desc="()Ljava/lang/Character;" line="757"><counter type="INSTRUCTION" missed="0" covered="3"/><counter type="LINE" missed="0" covered="1"/><counter type="COMPLEXITY" missed="0" covered="1"/><counter type="METHOD" missed="0" covered="1"/></method><method name="getDelimiter" desc="()C" line="766"><counter type="INSTRUCTION" missed="0" covered="3"/><counter type="LINE" missed="0" covered="1"/><counter type="COMPLEXITY" missed="0" covered="1"/><counter type="METHOD" missed="0" covered="1"/></method><method name="getEscapeCharacter" desc="()Ljava/lang/Character;" line="775"><counter type="INSTRUCTION" missed="0" covered="3"/><counter type="LINE" missed="0" covered="1"/><counter type="COMPLEXITY" missed="0" covered="1"/><counter type="METHOD" missed="0" covered="1"/></method><method name="getHeader" desc="()[Ljava/lang/String;" line="784"><counter type="INSTRUCTION" missed="0" covered="10"/><counter type="BRANCH" missed="0" covered="2"/><counter type="LINE" missed="0" covered="1"/><counter type="COMPLEXITY" missed="0" covered="2"/><counter type="METHOD" missed="0" covered="1"/></method><method name="getHeaderComments" desc="()[Ljava/lang/String;" line="793"><counter type="INSTRUCTION" missed="0" covered="10"/><counter type="BRANCH" missed="0" covered="2"/><counter type="LINE" missed="0" covered="1"/><counter type="COMPLEXITY" missed="0" covered="2"/><counter type="METHOD" missed="0" covered="1"/></method><method name="getIgnoreEmptyLines" desc="()Z" line="803"><counter type="INSTRUCTION" missed="0" covered="3"/><counter type="LINE" missed="0" covered="1"/><counter type="COMPLEXITY" missed="0" covered="1"/><counter type="METHOD" missed="0" covered="1"/></method><method name="getIgnoreHeaderCase" desc="()Z" line="813"><counter type="INSTRUCTION" missed="0" covered="3"/><counter type="LINE" missed="0" covered="1"/><counter type="COMPLEXITY" missed="0" covered="1"/><counter type="METHOD" missed="0" covered="1"/></method><method name="getIgnoreSurroundingSpaces" desc="()Z" line="822"><counter type="INSTRUCTION" missed="0" covered="3"/><counter type="LINE" missed="0" covered="1"/><counter type="COMPLEXITY" missed="0" covered="1"/><counter type="METHOD" missed="0" covered="1"/></method><method name="getNullString" desc="()Ljava/lang/String;" line="836"><counter type="INSTRUCTION" missed="0" covered="3"/><counter type="LINE" missed="0" covered="1"/><counter type="COMPLEXITY" missed="0" covered="1"/><counter type="METHOD" missed="0" covered="1"/></method><method name="getQuoteCharacter" desc="()Ljava/lang/Character;" line="845"><counter type="INSTRUCTION" missed="0" covered="3"/><counter type="LINE" missed="0" covered="1"/><counter type="COMPLEXITY" missed="0" covered="1"/><counter type="METHOD" missed="0" covered="1"/></method><method name="getQuoteMode" desc="()Lorg/apache/commons/csv/QuoteMode;" line="854"><counter type="INSTRUCTION" missed="0" covered="3"/><counter type="LINE" missed="0" covered="1"/><counter type="COMPLEXITY" missed="0" covered="1"/><counter type="METHOD" missed="0" covered="1"/></method><method name="getRecordSeparator" desc="()Ljava/lang/String;" line="863"><counter type="INSTRUCTION" missed="0" covered="3"/><counter type="LINE" missed="0" covered="1"/><counter type="COMPLEXITY" missed="0" covered="1"/><counter type="METHOD" missed="0" covered="1"/></method><method name="getSkipHeaderRecord" desc="()Z" line="872"><counter type="INSTRUCTION" missed="0" covered="3"/><counter type="LINE" missed="0" covered="1"/><counter type="COMPLEXITY" missed="0" covered="1"/><counter type="METHOD" missed="0" covered="1"/></method><method name="getTrailingDelimiter" desc="()Z" line="882"><counter type="INSTRUCTION" missed="0" covered="3"/><counter type="LINE" missed="0" covered="1"/><counter type="COMPLEXITY" missed="0" covered="1"/><counter type="METHOD" missed="0" covered="1"/></method><method name="getTrim" desc="()Z" line="891"><counter type="INSTRUCTION" missed="0" covered="3"/><counter type="LINE" missed="0" covered="1"/><counter type="COMPLEXITY" missed="0" covered="1"/><counter type="METHOD" missed="0" covered="1"/></method><method name="getAutoFlush" desc="()Z" line="901"><counter type="INSTRUCTION" missed="0" covered="3"/><counter type="LINE" missed="0" covered="1"/><counter type="COMPLEXITY" missed="0" covered="1"/><counter type="METHOD" missed="0" covered="1"/></method><method name="hashCode" desc="()I" line="906"><counter type="INSTRUCTION" missed="21" covered="122"/><counter type="BRANCH" missed="9" covered="11"/><counter type="LINE" missed="0" covered="15"/><counter type="COMPLEXITY" missed="9" covered="2"/><counter type="METHOD" missed="0" covered="1"/></method><method name="isCommentMarkerSet" desc="()Z" line="932"><counter type="INSTRUCTION" missed="0" covered="7"/><counter type="BRANCH" missed="0" covered="2"/><counter type="LINE" missed="0" covered="1"/><counter type="COMPLEXITY" missed="0" covered="2"/><counter type="METHOD" missed="0" covered="1"/></method><method name="isEscapeCharacterSet" desc="()Z" line="941"><counter type="INSTRUCTION" missed="0" covered="7"/><counter type="BRANCH" missed="0" covered="2"/><counter type="LINE" missed="0" covered="1"/><counter type="COMPLEXITY" missed="0" covered="2"/><counter type="METHOD" missed="0" covered="1"/></method><method name="isNullStringSet" desc="()Z" line="950"><counter type="INSTRUCTION" missed="0" covered="7"/><counter type="BRANCH" missed="0" covered="2"/><counter type="LINE" missed="0" covered="1"/><counter type="COMPLEXITY" missed="0" covered="2"/><counter type="METHOD" missed="0" covered="1"/></method><method name="isQuoteCharacterSet" desc="()Z" line="959"><counter type="INSTRUCTION" missed="0" covered="7"/><counter type="BRANCH" missed="0" covered="2"/><counter type="LINE" missed="0" covered="1"/><counter type="COMPLEXITY" missed="0" covered="2"/><counter type="METHOD" missed="0" covered="1"/></method><method name="parse" desc="(Ljava/io/Reader;)Lorg/apache/commons/csv/CSVParser;" line="976"><counter type="INSTRUCTION" missed="0" covered="6"/><counter type="LINE" missed="0" covered="1"/><counter type="COMPLEXITY" missed="0" covered="1"/><counter type="METHOD" missed="0" covered="1"/></method><method name="print" desc="(Ljava/lang/Appendable;)Lorg/apache/commons/csv/CSVPrinter;" line="993"><counter type="INSTRUCTION" missed="0" covered="6"/><counter type="LINE" missed="0" covered="1"/><counter type="COMPLEXITY" missed="0" covered="1"/><counter type="METHOD" missed="0" covered="1"/></method><method name="printer" desc="()Lorg/apache/commons/csv/CSVPrinter;" line="1009"><counter type="INSTRUCTION" missed="0" covered="6"/><counter type="LINE" missed="0" covered="1"/><counter type="COMPLEXITY" missed="0" covered="1"/><counter type="METHOD" missed="0" covered="1"/></method><method name="print" desc="(Ljava/io/File;Ljava/nio/charset/Charset;)Lorg/apache/commons/csv/CSVPrinter;" line="1031"><counter type="INSTRUCTION" missed="0" covered="13"/><counter type="LINE" missed="0" covered="1"/><counter type="COMPLEXITY" missed="0" covered="1"/><counter type="METHOD" missed="0" covered="1"/></method><method name="print" desc="(Ljava/nio/file/Path;Ljava/nio/charset/Charset;)Lorg/apache/commons/csv/CSVPrinter;" line="1051"><counter type="INSTRUCTION" missed="0" covered="8"/><counter type="LINE" missed="0" covered="1"/><counter type="COMPLEXITY" missed="0" covered="1"/><counter type="METHOD" missed="0" covered="1"/></method><method name="print" desc="(Ljava/lang/Object;Ljava/lang/Appendable;Z)V" line="1072"><counter type="INSTRUCTION" missed="0" covered="60"/><counter type="BRANCH" missed="0" covered="10"/><counter type="LINE" missed="0" covered="10"/><counter type="COMPLEXITY" missed="0" covered="6"/><counter type="METHOD" missed="0" covered="1"/></method><method name="print" desc="(Ljava/lang/Object;Ljava/lang/CharSequence;IILjava/lang/Appendable;Z)V" line="1092"><counter type="INSTRUCTION" missed="0" covered="45"/><counter type="BRANCH" missed="0" covered="8"/><counter type="LINE" missed="0" covered="10"/><counter type="COMPLEXITY" missed="0" covered="5"/><counter type="METHOD" missed="0" covered="1"/></method><method name="printAndEscape" desc="(Ljava/lang/CharSequence;IILjava/lang/Appendable;)V" line="1112"><counter type="INSTRUCTION" missed="0" covered="78"/><counter type="BRANCH" missed="0" covered="18"/><counter type="LINE" missed="0" covered="22"/><counter type="COMPLEXITY" missed="0" covered="10"/><counter type="METHOD" missed="0" covered="1"/></method><method name="printAndQuote" desc="(Ljava/lang/Object;Ljava/lang/CharSequence;IILjava/lang/Appendable;Z)V" line="1153"><counter type="INSTRUCTION" missed="12" covered="158"/><counter type="BRANCH" missed="1" covered="36"/><counter type="LINE" missed="1" covered="50"/><counter type="COMPLEXITY" missed="1" covered="20"/><counter type="METHOD" missed="0" covered="1"/></method><method name="println" desc="(Ljava/lang/Appendable;)V" line="1266"><counter type="INSTRUCTION" missed="0" covered="17"/><counter type="BRANCH" missed="0" covered="4"/><counter type="LINE" missed="0" covered="5"/><counter type="COMPLEXITY" missed="0" covered="3"/><counter type="METHOD" missed="0" covered="1"/></method><method name="printRecord" desc="(Ljava/lang/Appendable;[Ljava/lang/Object;)V" line="1292"><counter type="INSTRUCTION" missed="0" covered="23"/><counter type="BRANCH" missed="0" covered="4"/><counter type="LINE" missed="0" covered="4"/><counter type="COMPLEXITY" missed="0" covered="3"/><counter type="METHOD" missed="0" covered="1"/></method><method name="toString" desc="()Ljava/lang/String;" line="1300"><counter type="INSTRUCTION" missed="41" covered="113"/><counter type="BRANCH" missed="5" covered="15"/><counter type="LINE" missed="7" covered="24"/><counter type="COMPLEXITY" missed="5" covered="6"/><counter type="METHOD" missed="0" covered="1"/></method><method name="toStringArray" desc="([Ljava/lang/Object;)[Ljava/lang/String;" line="1344"><counter type="INSTRUCTION" missed="0" covered="31"/><counter type="BRANCH" missed="0" covered="6"/><counter type="LINE" missed="0" covered="7"/><counter type="COMPLEXITY" missed="0" covered="4"/><counter type="METHOD" missed="0" covered="1"/></method><method name="trim" desc="(Ljava/lang/CharSequence;)Ljava/lang/CharSequence;" line="1356"><counter type="INSTRUCTION" missed="41" covered="7"/><counter type="BRANCH" missed="13" covered="1"/><counter type="LINE" missed="8" covered="2"/><counter type="COMPLEXITY" missed="7" covered="1"/><counter type="METHOD" missed="0" covered="1"/></method><method name="validate" desc="()V" line="1378"><counter type="INSTRUCTION" missed="5" covered="183"/><counter type="BRANCH" missed="1" covered="31"/><counter type="LINE" missed="1" covered="19"/><counter type="COMPLEXITY" missed="1" covered="16"/><counter type="METHOD" missed="0" covered="1"/></method><method name="withAllowMissingColumnNames" desc="()Lorg/apache/commons/csv/CSVFormat;" line="1431"><counter type="INSTRUCTION" missed="0" covered="4"/><counter type="LINE" missed="0" covered="1"/><counter type="COMPLEXITY" missed="0" covered="1"/><counter type="METHOD" missed="0" covered="1"/></method><method name="withAllowMissingColumnNames" desc="(Z)Lorg/apache/commons/csv/CSVFormat;" line="1443"><counter type="INSTRUCTION" missed="0" covered="37"/><counter type="LINE" missed="0" covered="1"/><counter type="COMPLEXITY" missed="0" covered="1"/><counter type="METHOD" missed="0" covered="1"/></method><method name="withCommentMarker" desc="(C)Lorg/apache/commons/csv/CSVFormat;" line="1460"><counter type="INSTRUCTION" missed="0" covered="5"/><counter type="LINE" missed="0" covered="1"/><counter type="COMPLEXITY" missed="0" covered="1"/><counter type="METHOD" missed="0" covered="1"/></method><method name="withCommentMarker" desc="(Ljava/lang/Character;)Lorg/apache/commons/csv/CSVFormat;" line="1475"><counter type="INSTRUCTION" missed="0" covered="45"/><counter type="BRANCH" missed="0" covered="2"/><counter type="LINE" missed="0" covered="3"/><counter type="COMPLEXITY" missed="0" covered="2"/><counter type="METHOD" missed="0" covered="1"/></method><method name="withDelimiter" desc="(C)Lorg/apache/commons/csv/CSVFormat;" line="1493"><counter type="INSTRUCTION" missed="0" covered="45"/><counter type="BRANCH" missed="0" covered="2"/><counter type="LINE" missed="0" covered="3"/><counter type="COMPLEXITY" missed="0" covered="2"/><counter type="METHOD" missed="0" covered="1"/></method><method name="withEscape" desc="(C)Lorg/apache/commons/csv/CSVFormat;" line="1511"><counter type="INSTRUCTION" missed="0" covered="5"/><counter type="LINE" missed="0" covered="1"/><counter type="COMPLEXITY" missed="0" covered="1"/><counter type="METHOD" missed="0" covered="1"/></method><method name="withEscape" desc="(Ljava/lang/Character;)Lorg/apache/commons/csv/CSVFormat;" line="1524"><counter type="INSTRUCTION" missed="0" covered="45"/><counter type="BRANCH" missed="0" covered="2"/><counter type="LINE" missed="0" covered="3"/><counter type="COMPLEXITY" missed="0" covered="2"/><counter type="METHOD" missed="0" covered="1"/></method><method name="withFirstRecordAsHeader" desc="()Lorg/apache/commons/csv/CSVFormat;" line="1549"><counter type="INSTRUCTION" missed="0" covered="6"/><counter type="LINE" missed="0" covered="1"/><counter type="COMPLEXITY" missed="0" covered="1"/><counter type="METHOD" missed="0" covered="1"/></method><method name="withHeader" desc="(Ljava/lang/Class;)Lorg/apache/commons/csv/CSVFormat;" line="1579"><counter type="INSTRUCTION" missed="0" covered="31"/><counter type="BRANCH" missed="1" covered="3"/><counter type="LINE" missed="0" covered="7"/><counter type="COMPLEXITY" missed="1" covered="2"/><counter type="METHOD" missed="0" covered="1"/></method><method name="withHeader" desc="(Ljava/sql/ResultSet;)Lorg/apache/commons/csv/CSVFormat;" line="1617"><counter type="INSTRUCTION" missed="1" covered="8"/><counter type="BRANCH" missed="1" covered="1"/><counter type="LINE" missed="0" covered="1"/><counter type="COMPLEXITY" missed="1" covered="1"/><counter type="METHOD" missed="0" covered="1"/></method><method name="withHeader" desc="(Ljava/sql/ResultSetMetaData;)Lorg/apache/commons/csv/CSVFormat;" line="1647"><counter type="INSTRUCTION" missed="0" covered="29"/><counter type="BRANCH" missed="1" covered="3"/><counter type="LINE" missed="0" covered="7"/><counter type="COMPLEXITY" missed="1" covered="2"/><counter type="METHOD" missed="0" covered="1"/></method><method name="withHeader" desc="([Ljava/lang/String;)Lorg/apache/commons/csv/CSVFormat;" line="1682"><counter type="INSTRUCTION" missed="0" covered="37"/><counter type="LINE" missed="0" covered="1"/><counter type="COMPLEXITY" missed="0" covered="1"/><counter type="METHOD" missed="0" covered="1"/></method><method name="withHeaderComments" desc="([Ljava/lang/Object;)Lorg/apache/commons/csv/CSVFormat;" line="1703"><counter type="INSTRUCTION" missed="0" covered="37"/><counter type="LINE" missed="0" covered="1"/><counter type="COMPLEXITY" missed="0" covered="1"/><counter type="METHOD" missed="0" covered="1"/></method><method name="withIgnoreEmptyLines" desc="()Lorg/apache/commons/csv/CSVFormat;" line="1716"><counter type="INSTRUCTION" missed="0" covered="4"/><counter type="LINE" missed="0" covered="1"/><counter type="COMPLEXITY" missed="0" covered="1"/><counter type="METHOD" missed="0" covered="1"/></method><method name="withIgnoreEmptyLines" desc="(Z)Lorg/apache/commons/csv/CSVFormat;" line="1728"><counter type="INSTRUCTION" missed="0" covered="37"/><counter type="LINE" missed="0" covered="1"/><counter type="COMPLEXITY" missed="0" covered="1"/><counter type="METHOD" missed="0" covered="1"/></method><method name="withIgnoreHeaderCase" desc="()Lorg/apache/commons/csv/CSVFormat;" line="1741"><counter type="INSTRUCTION" missed="0" covered="4"/><counter type="LINE" missed="0" covered="1"/><counter type="COMPLEXITY" missed="0" covered="1"/><counter type="METHOD" missed="0" covered="1"/></method><method name="withIgnoreHeaderCase" desc="(Z)Lorg/apache/commons/csv/CSVFormat;" line="1754"><counter type="INSTRUCTION" missed="0" covered="37"/><counter type="LINE" missed="0" covered="1"/><counter type="COMPLEXITY" missed="0" covered="1"/><counter type="METHOD" missed="0" covered="1"/></method><method name="withIgnoreSurroundingSpaces" desc="()Lorg/apache/commons/csv/CSVFormat;" line="1767"><counter type="INSTRUCTION" missed="0" covered="4"/><counter type="LINE" missed="0" covered="1"/><counter type="COMPLEXITY" missed="0" covered="1"/><counter type="METHOD" missed="0" covered="1"/></method><method name="withIgnoreSurroundingSpaces" desc="(Z)Lorg/apache/commons/csv/CSVFormat;" line="1779"><counter type="INSTRUCTION" missed="0" covered="37"/><counter type="LINE" missed="0" covered="1"/><counter type="COMPLEXITY" missed="0" covered="1"/><counter type="METHOD" missed="0" covered="1"/></method><method name="withNullString" desc="(Ljava/lang/String;)Lorg/apache/commons/csv/CSVFormat;" line="1798"><counter type="INSTRUCTION" missed="0" covered="37"/><counter type="LINE" missed="0" covered="1"/><counter type="COMPLEXITY" missed="0" covered="1"/><counter type="METHOD" missed="0" covered="1"/></method><method name="withQuote" desc="(C)Lorg/apache/commons/csv/CSVFormat;" line="1813"><counter type="INSTRUCTION" missed="0" covered="5"/><counter type="LINE" missed="0" covered="1"/><counter type="COMPLEXITY" missed="0" covered="1"/><counter type="METHOD" missed="0" covered="1"/></method><method name="withQuote" desc="(Ljava/lang/Character;)Lorg/apache/commons/csv/CSVFormat;" line="1826"><counter type="INSTRUCTION" missed="0" covered="45"/><counter type="BRANCH" missed="0" covered="2"/><counter type="LINE" missed="0" covered="3"/><counter type="COMPLEXITY" missed="0" covered="2"/><counter type="METHOD" missed="0" covered="1"/></method><method name="withQuoteMode" desc="(Lorg/apache/commons/csv/QuoteMode;)Lorg/apache/commons/csv/CSVFormat;" line="1843"><counter type="INSTRUCTION" missed="0" covered="37"/><counter type="LINE" missed="0" covered="1"/><counter type="COMPLEXITY" missed="0" covered="1"/><counter type="METHOD" missed="0" covered="1"/></method><method name="withRecordSeparator" desc="(C)Lorg/apache/commons/csv/CSVFormat;" line="1862"><counter type="INSTRUCTION" missed="0" covered="5"/><counter type="LINE" missed="0" covered="1"/><counter type="COMPLEXITY" missed="0" covered="1"/><counter type="METHOD" missed="0" covered="1"/></method><method name="withRecordSeparator" desc="(Ljava/lang/String;)Lorg/apache/commons/csv/CSVFormat;" line="1881"><counter type="INSTRUCTION" missed="0" covered="37"/><counter type="LINE" missed="0" covered="1"/><counter type="COMPLEXITY" missed="0" covered="1"/><counter type="METHOD" missed="0" covered="1"/></method><method name="withSkipHeaderRecord" desc="()Lorg/apache/commons/csv/CSVFormat;" line="1895"><counter type="INSTRUCTION" missed="0" covered="4"/><counter type="LINE" missed="0" covered="1"/><counter type="COMPLEXITY" missed="0" covered="1"/><counter type="METHOD" missed="0" covered="1"/></method><method name="withSkipHeaderRecord" desc="(Z)Lorg/apache/commons/csv/CSVFormat;" line="1908"><counter type="INSTRUCTION" missed="0" covered="37"/><counter type="LINE" missed="0" covered="1"/><counter type="COMPLEXITY" missed="0" covered="1"/><counter type="METHOD" missed="0" covered="1"/></method><method name="withTrailingDelimiter" desc="()Lorg/apache/commons/csv/CSVFormat;" line="1920"><counter type="INSTRUCTION" missed="0" covered="4"/><counter type="LINE" missed="0" covered="1"/><counter type="COMPLEXITY" missed="0" covered="1"/><counter type="METHOD" missed="0" covered="1"/></method><method name="withTrailingDelimiter" desc="(Z)Lorg/apache/commons/csv/CSVFormat;" line="1933"><counter type="INSTRUCTION" missed="0" covered="37"/><counter type="LINE" missed="0" covered="1"/><counter type="COMPLEXITY" missed="0" covered="1"/><counter type="METHOD" missed="0" covered="1"/></method><method name="withTrim" desc="()Lorg/apache/commons/csv/CSVFormat;" line="1945"><counter type="INSTRUCTION" missed="0" covered="4"/><counter type="LINE" missed="0" covered="1"/><counter type="COMPLEXITY" missed="0" covered="1"/><counter type="METHOD" missed="0" covered="1"/></method><method name="withTrim" desc="(Z)Lorg/apache/commons/csv/CSVFormat;" line="1958"><counter type="INSTRUCTION" missed="0" covered="37"/><counter type="LINE" missed="0" covered="1"/><counter type="COMPLEXITY" missed="0" covered="1"/><counter type="METHOD" missed="0" covered="1"/></method><method name="withAutoFlush" desc="(Z)Lorg/apache/commons/csv/CSVFormat;" line="1973"><counter type="INSTRUCTION" missed="0" covered="37"/><counter type="LINE" missed="0" covered="1"/><counter type="COMPLEXITY" missed="0" covered="1"/><counter type="METHOD" missed="0" covered="1"/></method><method name="&lt;clinit&gt;" desc="()V" line="244"><counter type="INSTRUCTION" missed="0" covered="102"/><counter type="LINE" missed="0" covered="9"/><counter type="COMPLEXITY" missed="0" covered="1"/><counter type="METHOD" missed="0" covered="1"/></method><counter type="INSTRUCTION" missed="133" covered="2122"/><counter type="BRANCH" missed="35" covered="226"/><counter type="LINE" missed="21" covered="326"/><counter type="COMPLEXITY" missed="29" covered="180"/><counter type="METHOD" missed="0" covered="77"/><counter type="CLASS" missed="0" covered="1"/></class><class name="org/apache/commons/csv/CSVParser$1" sourcefilename="CSVParser.java"><method name="&lt;init&gt;" desc="(Lorg/apache/commons/csv/CSVParser;)V" line="522"><counter type="INSTRUCTION" missed="0" covered="6"/><counter type="LINE" missed="0" covered="1"/><counter type="COMPLEXITY" missed="0" covered="1"/><counter type="METHOD" missed="0" covered="1"/></method><method name="getNextRecord" desc="()Lorg/apache/commons/csv/CSVRecord;" line="527"><counter type="INSTRUCTION" missed="19" covered="4"/><counter type="LINE" missed="2" covered="1"/><counter type="COMPLEXITY" missed="0" covered="1"/><counter type="METHOD" missed="0" covered="1"/></method><method name="hasNext" desc="()Z" line="536"><counter type="INSTRUCTION" missed="0" covered="20"/><counter type="BRANCH" missed="0" covered="6"/><counter type="LINE" missed="0" covered="5"/><counter type="COMPLEXITY" missed="0" covered="4"/><counter type="METHOD" missed="0" covered="1"/></method><method name="next" desc="()Lorg/apache/commons/csv/CSVRecord;" line="548"><counter type="INSTRUCTION" missed="0" covered="29"/><counter type="BRANCH" missed="0" covered="6"/><counter type="LINE" missed="0" covered="9"/><counter type="COMPLEXITY" missed="0" covered="4"/><counter type="METHOD" missed="0" covered="1"/></method><method name="remove" desc="()V" line="567"><counter type="INSTRUCTION" missed="0" covered="4"/><counter type="LINE" missed="0" covered="1"/><counter type="COMPLEXITY" missed="0" covered="1"/><counter type="METHOD" missed="0" covered="1"/></method><counter type="INSTRUCTION" missed="19" covered="63"/><counter type="BRANCH" missed="0" covered="12"/><counter type="LINE" missed="2" covered="17"/><counter type="COMPLEXITY" missed="0" covered="11"/><counter type="METHOD" missed="0" covered="5"/><counter type="CLASS" missed="0" covered="1"/></class><class name="org/apache/commons/csv/CSVPrinter" sourcefilename="CSVPrinter.java"><method name="&lt;init&gt;" desc="(Ljava/lang/Appendable;Lorg/apache/commons/csv/CSVFormat;)V" line="40"><counter type="INSTRUCTION" missed="0" covered="54"/><counter type="BRANCH" missed="0" covered="10"/><counter type="LINE" missed="0" covered="13"/><counter type="COMPLEXITY" missed="0" covered="6"/><counter type="METHOD" missed="0" covered="1"/></method><method name="close" desc="()V" line="84"><counter type="INSTRUCTION" missed="0" covered="4"/><counter type="LINE" missed="0" covered="2"/><counter type="COMPLEXITY" missed="0" covered="1"/><counter type="METHOD" missed="0" covered="1"/></method><method name="close" desc="(Z)V" line="96"><counter type="INSTRUCTION" missed="0" covered="23"/><counter type="BRANCH" missed="1" covered="7"/><counter type="LINE" missed="0" covered="6"/><counter type="COMPLEXITY" missed="1" covered="4"/><counter type="METHOD" missed="0" covered="1"/></method><method name="flush" desc="()V" line="114"><counter type="INSTRUCTION" missed="0" covered="9"/><counter type="BRANCH" missed="1" covered="1"/><counter type="LINE" missed="0" covered="3"/><counter type="COMPLEXITY" missed="1" covered="1"/><counter type="METHOD" missed="0" covered="1"/></method><method name="getOut" desc="()Ljava/lang/Appendable;" line="125"><counter type="INSTRUCTION" missed="0" covered="3"/><counter type="LINE" missed="0" covered="1"/><counter type="COMPLEXITY" missed="0" covered="1"/><counter type="METHOD" missed="0" covered="1"/></method><method name="print" desc="(Ljava/lang/Object;)V" line="137"><counter type="INSTRUCTION" missed="0" covered="12"/><counter type="LINE" missed="0" covered="3"/><counter type="COMPLEXITY" missed="0" covered="1"/><counter type="METHOD" missed="0" covered="1"/></method><method name="printComment" desc="(Ljava/lang/String;)V" line="157"><counter type="INSTRUCTION" missed="16" covered="59"/><counter type="BRANCH" missed="6" covered="7"/><counter type="LINE" missed="3" covered="15"/><counter type="COMPLEXITY" missed="4" covered="4"/><counter type="METHOD" missed="0" covered="1"/></method><method name="println" desc="()V" line="193"><counter type="INSTRUCTION" missed="0" covered="9"/><counter type="LINE" missed="0" covered="3"/><counter type="COMPLEXITY" missed="0" covered="1"/><counter type="METHOD" missed="0" covered="1"/></method><method name="printRecord" desc="(Ljava/lang/Iterable;)V" line="211"><counter type="INSTRUCTION" missed="0" covered="16"/><counter type="BRANCH" missed="0" covered="2"/><counter type="LINE" missed="0" covered="5"/><counter type="COMPLEXITY" missed="0" covered="2"/><counter type="METHOD" missed="0" covered="1"/></method><method name="printRecord" desc="([Ljava/lang/Object;)V" line="231"><counter type="INSTRUCTION" missed="0" covered="10"/><counter type="LINE" missed="0" covered="3"/><counter type="COMPLEXITY" missed="0" covered="1"/><counter type="METHOD" missed="0" covered="1"/></method><method name="printRecords" desc="(Ljava/lang/Iterable;)V" line="275"><counter type="INSTRUCTION" missed="0" covered="36"/><counter type="BRANCH" missed="0" covered="6"/><counter type="LINE" missed="0" covered="8"/><counter type="COMPLEXITY" missed="0" covered="4"/><counter type="METHOD" missed="0" covered="1"/></method><method name="printRecords" desc="([Ljava/lang/Object;)V" line="326"><counter type="INSTRUCTION" missed="0" covered="42"/><counter type="BRANCH" missed="0" covered="6"/><counter type="LINE" missed="0" covered="7"/><counter type="COMPLEXITY" missed="0" covered="4"/><counter type="METHOD" missed="0" covered="1"/></method><method name="printRecords" desc="(Ljava/sql/ResultSet;)V" line="348"><counter type="INSTRUCTION" missed="0" covered="23"/><counter type="BRANCH" missed="0" covered="4"/><counter type="LINE" missed="0" covered="6"/><counter type="COMPLEXITY" missed="0" covered="3"/><counter type="METHOD" missed="0" covered="1"/></method><counter type="INSTRUCTION" missed="16" covered="300"/><counter type="BRANCH" missed="8" covered="43"/><counter type="LINE" missed="3" covered="75"/><counter type="COMPLEXITY" missed="6" covered="33"/><counter type="METHOD" missed="0" covered="13"/><counter type="CLASS" missed="0" covered="1"/></class><sourcefile name="QuoteMode.java"><line nr="23" mi="0" ci="24" mb="0" cb="0"/><line nr="28" mi="0" ci="6" mb="0" cb="0"/><line nr="33" mi="0" ci="6" mb="0" cb="0"/><line nr="39" mi="0" ci="6" mb="0" cb="0"/><line nr="44" mi="0" ci="6" mb="0" cb="0"/><line nr="50" mi="0" ci="6" mb="0" cb="0"/><counter type="INSTRUCTION" missed="0" covered="54"/><counter type="LINE" missed="0" covered="6"/><counter type="COMPLEXITY" missed="0" covered="1"/><counter type="METHOD" missed="0" covered="1"/><counter type="CLASS" missed="0" covered="1"/></sourcefile><sourcefile name="package-info.java"/><sourcefile name="ExtendedBufferedReader.java"><line nr="39" mi="0" ci="3" mb="0" cb="0"/><line nr="53" mi="0" ci="3" mb="0" cb="0"/><line nr="54" mi="0" ci="1" mb="0" cb="0"/><line nr="58" mi="0" ci="3" mb="0" cb="0"/><line nr="59" mi="0" ci="10" mb="0" cb="6"/><line nr="60" mi="0" ci="6" mb="0" cb="0"/><line nr="62" mi="0" ci="3" mb="0" cb="0"/><line nr="63" mi="0" ci="6" mb="0" cb="0"/><line nr="64" mi="0" ci="3" mb="0" cb="0"/><line nr="76" mi="0" ci="3" mb="0" cb="0"/><line nr="81" mi="0" ci="2" mb="0" cb="2"/><line nr="82" mi="0" ci="2" mb="0" cb="0"/><line nr="85" mi="0" ci="6" mb="0" cb="0"/><line nr="87" mi="0" ci="2" mb="0" cb="2"/><line nr="89" mi="0" ci="9" mb="0" cb="2"/><line nr="90" mi="0" ci="4" mb="0" cb="0"/><line nr="91" mi="0" ci="3" mb="0" cb="2"/><line nr="92" mi="0" ci="12" mb="0" cb="4"/><line nr="93" mi="0" ci="7" mb="0" cb="0"/><line nr="95" mi="0" ci="3" mb="0" cb="2"/><line nr="96" mi="0" ci="6" mb="0" cb="0"/><line nr="100" mi="0" ci="10" mb="0" cb="0"/><line nr="102" mi="0" ci="3" mb="1" cb="1"/><line nr="103" mi="0" ci="3" mb="0" cb="0"/><line nr="106" mi="0" ci="7" mb="0" cb="0"/><line nr="107" mi="0" ci="2" mb="0" cb="0"/><line nr="122" mi="0" ci="3" mb="0" cb="0"/><line nr="124" mi="0" ci="2" mb="0" cb="2"/><line nr="125" mi="0" ci="3" mb="0" cb="0"/><line nr="126" mi="0" ci="7" mb="0" cb="0"/><line nr="128" mi="0" ci="3" mb="0" cb="0"/><line nr="131" mi="0" ci="2" mb="0" cb="0"/><line nr="144" mi="0" ci="3" mb="0" cb="0"/><line nr="145" mi="0" ci="3" mb="0" cb="0"/><line nr="146" mi="0" ci="2" mb="0" cb="0"/><line nr="148" mi="0" ci="2" mb="0" cb="0"/><line nr="158" mi="0" ci="16" mb="0" cb="8"/><line nr="159" mi="0" ci="3" mb="0" cb="0"/><line nr="161" mi="0" ci="5" mb="0" cb="0"/><line nr="170" mi="0" ci="3" mb="0" cb="0"/><line nr="174" mi="0" ci="3" mb="0" cb="0"/><line nr="186" mi="0" ci="3" mb="0" cb="0"/><line nr="187" mi="0" ci="3" mb="0" cb="0"/><line nr="188" mi="0" ci="2" mb="0" cb="0"/><line nr="189" mi="0" ci="1" mb="0" cb="0"/><counter type="INSTRUCTION" missed="0" covered="191"/><counter type="BRANCH" missed="1" covered="31"/><counter type="LINE" missed="0" covered="45"/><counter type="COMPLEXITY" missed="1" covered="25"/><counter type="METHOD" missed="0" covered="10"/><counter type="CLASS" missed="0" covered="1"/></sourcefile><sourcefile name="CSVParser.java"><line nr="153" mi="0" ci="3" mb="0" cb="0"/><line nr="154" mi="0" ci="3" mb="0" cb="0"/><line nr="155" mi="0" ci="13" mb="0" cb="0"/><line nr="182" mi="3" ci="0" mb="0" cb="0"/><line nr="183" mi="3" ci="0" mb="0" cb="0"/><line nr="184" mi="8" ci="0" mb="0" cb="0"/><line nr="204" mi="3" ci="0" mb="0" cb="0"/><line nr="205" mi="3" ci="0" mb="0" cb="0"/><line nr="206" mi="6" ci="0" mb="0" cb="0"/><line nr="229" mi="6" ci="0" mb="0" cb="0"/><line nr="246" mi="0" ci="3" mb="0" cb="0"/><line nr="247" mi="0" ci="3" mb="0" cb="0"/><line nr="249" mi="0" ci="9" mb="0" cb="0"/><line nr="273" mi="0" ci="3" mb="0" cb="0"/><line nr="274" mi="0" ci="3" mb="0" cb="0"/><line nr="275" mi="3" ci="0" mb="0" cb="0"/><line nr="277" mi="11" ci="0" mb="0" cb="0"/><line nr="290" mi="0" ci="5" mb="0" cb="0"/><line nr="303" mi="0" ci="5" mb="0" cb="0"/><line nr="323" mi="0" ci="6" mb="0" cb="0"/><line nr="324" mi="0" ci="1" mb="0" cb="0"/><line nr="350" mi="0" ci="2" mb="0" cb="0"/><line nr="351" mi="0" ci="3" mb="0" cb="0"/><line nr="352" mi="0" ci="3" mb="0" cb="0"/><line nr="354" mi="0" ci="3" mb="0" cb="0"/><line nr="355" mi="0" ci="10" mb="0" cb="0"/><line nr="356" mi="0" ci="4" mb="0" cb="0"/><line nr="357" mi="0" ci="3" mb="0" cb="0"/><line nr="358" mi="0" ci="5" mb="0" cb="0"/><line nr="359" mi="0" ci="1" mb="0" cb="0"/><line nr="362" mi="0" ci="5" mb="0" cb="0"/><line nr="363" mi="0" ci="9" mb="0" cb="2"/><line nr="364" mi="0" ci="9" mb="0" cb="6"/><line nr="365" mi="0" ci="1" mb="0" cb="0"/><line nr="367" mi="0" ci="4" mb="0" cb="0"/><line nr="368" mi="0" ci="11" mb="0" cb="2"/><line nr="369" mi="0" ci="1" mb="0" cb="0"/><line nr="379" mi="0" ci="3" mb="1" cb="1"/><line nr="380" mi="0" ci="3" mb="0" cb="0"/><line nr="382" mi="0" ci="1" mb="0" cb="0"/><line nr="395" mi="0" ci="4" mb="0" cb="0"/><line nr="405" mi="0" ci="4" mb="0" cb="0"/><line nr="416" mi="0" ci="11" mb="0" cb="2"/><line nr="430" mi="0" ci="3" mb="0" cb="0"/><line nr="447" mi="0" ci="4" mb="0" cb="0"/><line nr="448" mi="0" ci="5" mb="0" cb="2"/><line nr="449" mi="0" ci="5" mb="0" cb="0"/><line nr="451" mi="0" ci="2" mb="0" cb="0"/><line nr="461" mi="0" ci="2" mb="0" cb="0"/><line nr="462" mi="0" ci="4" mb="0" cb="0"/><line nr="463" mi="0" ci="2" mb="0" cb="2"/><line nr="464" mi="0" ci="13" mb="0" cb="2"/><line nr="468" mi="0" ci="2" mb="0" cb="0"/><line nr="469" mi="0" ci="3" mb="0" cb="2"/><line nr="471" mi="0" ci="3" mb="0" cb="0"/><line nr="472" mi="0" ci="2" mb="1" cb="1"/><line nr="473" mi="0" ci="3" mb="0" cb="0"/><line nr="475" mi="0" ci="1" mb="0" cb="0"/><line nr="476" mi="0" ci="4" mb="0" cb="2"/><line nr="477" mi="0" ci="3" mb="0" cb="0"/><line nr="479" mi="0" ci="2" mb="0" cb="0"/><line nr="483" mi="0" ci="2" mb="1" cb="1"/><line nr="484" mi="0" ci="8" mb="0" cb="2"/><line nr="485" mi="0" ci="4" mb="0" cb="0"/><line nr="486" mi="0" ci="4" mb="0" cb="0"/><line nr="487" mi="0" ci="10" mb="0" cb="4"/><line nr="488" mi="0" ci="8" mb="0" cb="6"/><line nr="489" mi="0" ci="17" mb="0" cb="0"/><line nr="492" mi="0" ci="6" mb="0" cb="0"/><line nr="496" mi="0" ci="2" mb="0" cb="0"/><line nr="505" mi="0" ci="4" mb="0" cb="0"/><line nr="522" mi="0" ci="11" mb="0" cb="0"/><line nr="527" mi="0" ci="4" mb="0" cb="0"/><line nr="528" mi="1" ci="0" mb="0" cb="0"/><line nr="529" mi="18" ci="0" mb="0" cb="0"/><line nr="536" mi="0" ci="4" mb="0" cb="2"/><line nr="537" mi="0" ci="2" mb="0" cb="0"/><line nr="539" mi="0" ci="3" mb="0" cb="2"/><line nr="540" mi="0" ci="4" mb="0" cb="0"/><line nr="543" mi="0" ci="7" mb="0" cb="2"/><line nr="548" mi="0" ci="4" mb="0" cb="2"/><line nr="549" mi="0" ci="5" mb="0" cb="0"/><line nr="551" mi="0" ci="3" mb="0" cb="0"/><line nr="552" mi="0" ci="3" mb="0" cb="0"/><line nr="554" mi="0" ci="2" mb="0" cb="2"/><line nr="556" mi="0" ci="3" mb="0" cb="0"/><line nr="557" mi="0" ci="2" mb="0" cb="2"/><line nr="558" mi="0" ci="5" mb="0" cb="0"/><line nr="562" mi="0" ci="2" mb="0" cb="0"/><line nr="567" mi="0" ci="4" mb="0" cb="0"/><line nr="580" mi="0" ci="2" mb="0" cb="0"/><line nr="581" mi="0" ci="3" mb="0" cb="0"/><line nr="582" mi="0" ci="2" mb="0" cb="0"/><line nr="583" mi="0" ci="7" mb="0" cb="0"/><line nr="585" mi="0" ci="3" mb="0" cb="0"/><line nr="586" mi="0" ci="6" mb="0" cb="0"/><line nr="587" mi="0" ci="7" mb="2" cb="4"/><line nr="589" mi="0" ci="3" mb="0" cb="0"/><line nr="590" mi="0" ci="1" mb="0" cb="0"/><line nr="592" mi="0" ci="3" mb="0" cb="0"/><line nr="593" mi="0" ci="1" mb="0" cb="0"/><line nr="595" mi="0" ci="4" mb="0" cb="2"/><line nr="596" mi="0" ci="4" mb="0" cb="0"/><line nr="600" mi="15" ci="0" mb="0" cb="0"/><line nr="602" mi="0" ci="2" mb="0" cb="2"/><line nr="603" mi="0" ci="5" mb="0" cb="0"/><line nr="605" mi="0" ci="4" mb="0" cb="0"/><line nr="607" mi="0" ci="6" mb="0" cb="0"/><line nr="608" mi="0" ci="4" mb="0" cb="0"/><line nr="609" mi="0" ci="1" mb="0" cb="0"/><line nr="611" mi="14" ci="0" mb="0" cb="0"/><line nr="613" mi="0" ci="5" mb="0" cb="2"/><line nr="615" mi="0" ci="4" mb="0" cb="2"/><line nr="616" mi="0" ci="6" mb="0" cb="0"/><line nr="617" mi="0" ci="7" mb="0" cb="2"/><line nr="618" mi="0" ci="18" mb="0" cb="0"/><line nr="621" mi="0" ci="2" mb="0" cb="0"/><counter type="INSTRUCTION" missed="94" covered="463"/><counter type="BRANCH" missed="5" covered="63"/><counter type="LINE" missed="13" covered="104"/><counter type="COMPLEXITY" missed="8" covered="52"/><counter type="METHOD" missed="3" covered="21"/><counter type="CLASS" missed="0" covered="2"/></sourcefile><sourcefile name="CSVRecord.java"><line nr="33" mi="0" ci="4" mb="0" cb="0"/><line nr="52" mi="0" ci="2" mb="0" cb="0"/><line nr="53" mi="0" ci="3" mb="0" cb="0"/><line nr="54" mi="1" ci="6" mb="1" cb="1"/><line nr="55" mi="0" ci="3" mb="0" cb="0"/><line nr="56" mi="0" ci="3" mb="0" cb="0"/><line nr="57" mi="0" ci="3" mb="0" cb="0"/><line nr="58" mi="0" ci="1" mb="0" cb="0"/><line nr="68" mi="5" ci="0" mb="0" cb="0"/><line nr="79" mi="0" ci="5" mb="0" cb="0"/><line nr="96" mi="0" ci="3" mb="0" cb="2"/><line nr="97" mi="0" ci="5" mb="0" cb="0"/><line nr="100" mi="0" ci="6" mb="0" cb="0"/><line nr="101" mi="0" ci="2" mb="0" cb="2"/><line nr="102" mi="0" ci="18" mb="0" cb="0"/><line nr="106" mi="0" ci="6" mb="0" cb="0"/><line nr="107" mi="0" ci="1" mb="0" cb="0"/><line nr="108" mi="0" ci="23" mb="0" cb="0"/><line nr="121" mi="0" ci="3" mb="0" cb="0"/><line nr="133" mi="0" ci="3" mb="0" cb="0"/><line nr="148" mi="0" ci="3" mb="0" cb="0"/><line nr="162" mi="0" ci="14" mb="0" cb="4"/><line nr="175" mi="7" ci="0" mb="2" cb="0"/><line nr="186" mi="0" ci="12" mb="0" cb="4"/><line nr="197" mi="0" ci="18" mb="0" cb="4"/><line nr="207" mi="0" ci="4" mb="0" cb="0"/><line nr="218" mi="0" ci="3" mb="0" cb="2"/><line nr="219" mi="0" ci="2" mb="0" cb="0"/><line nr="221" mi="0" ci="12" mb="0" cb="2"/><line nr="222" mi="0" ci="5" mb="0" cb="0"/><line nr="223" mi="0" ci="5" mb="0" cb="2"/><line nr="224" mi="0" ci="9" mb="0" cb="0"/><line nr="226" mi="0" ci="1" mb="0" cb="0"/><line nr="227" mi="0" ci="2" mb="0" cb="0"/><line nr="236" mi="0" ci="4" mb="0" cb="0"/><line nr="247" mi="0" ci="4" mb="0" cb="0"/><line nr="256" mi="0" ci="9" mb="0" cb="0"/><line nr="267" mi="28" ci="0" mb="0" cb="0"/><line nr="273" mi="0" ci="3" mb="0" cb="0"/><counter type="INSTRUCTION" missed="41" covered="210"/><counter type="BRANCH" missed="3" covered="23"/><counter type="LINE" missed="3" covered="36"/><counter type="COMPLEXITY" missed="5" covered="27"/><counter type="METHOD" missed="3" covered="16"/><counter type="CLASS" missed="0" covered="1"/></sourcefile><sourcefile name="Token.java"><line nr="27" mi="0" ci="2" mb="0" cb="0"/><line nr="32" mi="0" ci="24" mb="0" cb="0"/><line nr="34" mi="0" ci="6" mb="0" cb="0"/><line nr="37" mi="0" ci="6" mb="0" cb="0"/><line nr="40" mi="0" ci="6" mb="0" cb="0"/><line nr="43" mi="0" ci="6" mb="0" cb="0"/><line nr="46" mi="0" ci="6" mb="0" cb="0"/><line nr="50" mi="0" ci="3" mb="0" cb="0"/><line nr="53" mi="0" ci="7" mb="0" cb="0"/><line nr="59" mi="0" ci="4" mb="0" cb="0"/><line nr="60" mi="0" ci="3" mb="0" cb="0"/><line nr="61" mi="0" ci="3" mb="0" cb="0"/><line nr="62" mi="0" ci="1" mb="0" cb="0"/><line nr="71" mi="17" ci="0" mb="0" cb="0"/><counter type="INSTRUCTION" missed="17" covered="77"/><counter type="LINE" missed="1" covered="13"/><counter type="COMPLEXITY" missed="1" covered="3"/><counter type="METHOD" missed="1" covered="3"/><counter type="CLASS" missed="0" covered="2"/></sourcefile><sourcefile name="Lexer.java"><line nr="41" mi="0" ci="3" mb="0" cb="0"/><line nr="42" mi="0" ci="4" mb="0" cb="0"/><line nr="64" mi="0" ci="3" mb="0" cb="0"/><line nr="67" mi="0" ci="2" mb="0" cb="0"/><line nr="68" mi="0" ci="3" mb="0" cb="0"/><line nr="69" mi="0" ci="4" mb="0" cb="0"/><line nr="70" mi="0" ci="6" mb="0" cb="0"/><line nr="71" mi="0" ci="6" mb="0" cb="0"/><line nr="72" mi="0" ci="6" mb="0" cb="0"/><line nr="73" mi="0" ci="4" mb="0" cb="0"/><line nr="74" mi="0" ci="4" mb="0" cb="0"/><line nr="75" mi="0" ci="1" mb="0" cb="0"/><line nr="92" mi="0" ci="4" mb="0" cb="0"/><line nr="95" mi="0" ci="4" mb="0" cb="0"/><line nr="100" mi="0" ci="4" mb="0" cb="0"/><line nr="103" mi="0" ci="3" mb="0" cb="2"/><line nr="104" mi="0" ci="6" mb="0" cb="4"/><line nr="106" mi="0" ci="2" mb="0" cb="0"/><line nr="107" mi="0" ci="4" mb="0" cb="0"/><line nr="108" mi="0" ci="4" mb="0" cb="0"/><line nr="110" mi="0" ci="4" mb="0" cb="2"/><line nr="111" mi="0" ci="3" mb="0" cb="0"/><line nr="113" mi="0" ci="2" mb="0" cb="0"/><line nr="119" mi="0" ci="12" mb="0" cb="6"/><line nr="120" mi="0" ci="3" mb="0" cb="0"/><line nr="122" mi="0" ci="2" mb="0" cb="0"/><line nr="125" mi="0" ci="8" mb="0" cb="4"/><line nr="126" mi="0" ci="4" mb="0" cb="0"/><line nr="127" mi="0" ci="2" mb="1" cb="1"/><line nr="128" mi="3" ci="0" mb="0" cb="0"/><line nr="130" mi="2" ci="0" mb="0" cb="0"/><line nr="132" mi="0" ci="3" mb="0" cb="0"/><line nr="133" mi="0" ci="5" mb="0" cb="0"/><line nr="134" mi="0" ci="3" mb="0" cb="0"/><line nr="135" mi="0" ci="2" mb="0" cb="0"/><line nr="139" mi="0" ci="4" mb="0" cb="2"/><line nr="141" mi="0" ci="3" mb="0" cb="2"/><line nr="142" mi="0" ci="6" mb="0" cb="4"/><line nr="143" mi="0" ci="4" mb="0" cb="0"/><line nr="144" mi="0" ci="5" mb="0" cb="0"/><line nr="149" mi="0" ci="4" mb="0" cb="2"/><line nr="151" mi="0" ci="4" mb="0" cb="0"/><line nr="152" mi="0" ci="2" mb="0" cb="2"/><line nr="155" mi="0" ci="4" mb="0" cb="0"/><line nr="156" mi="0" ci="4" mb="0" cb="2"/><line nr="158" mi="0" ci="5" mb="0" cb="0"/><line nr="159" mi="0" ci="4" mb="0" cb="2"/><line nr="162" mi="0" ci="3" mb="0" cb="0"/><line nr="163" mi="0" ci="4" mb="0" cb="0"/><line nr="167" mi="0" ci="6" mb="0" cb="0"/><line nr="170" mi="0" ci="2" mb="0" cb="0"/><line nr="195" mi="0" ci="4" mb="0" cb="2"/><line nr="196" mi="0" ci="3" mb="0" cb="0"/><line nr="197" mi="0" ci="1" mb="0" cb="0"/><line nr="198" mi="0" ci="4" mb="0" cb="2"/><line nr="199" mi="0" ci="3" mb="0" cb="0"/><line nr="200" mi="0" ci="3" mb="0" cb="0"/><line nr="201" mi="0" ci="1" mb="0" cb="0"/><line nr="202" mi="0" ci="4" mb="0" cb="2"/><line nr="203" mi="0" ci="3" mb="0" cb="0"/><line nr="204" mi="0" ci="1" mb="0" cb="0"/><line nr="205" mi="0" ci="4" mb="0" cb="2"/><line nr="206" mi="0" ci="3" mb="0" cb="0"/><line nr="207" mi="0" ci="3" mb="0" cb="2"/><line nr="208" mi="0" ci="12" mb="0" cb="0"/><line nr="210" mi="0" ci="6" mb="0" cb="0"/><line nr="212" mi="0" ci="4" mb="0" cb="0"/><line nr="213" mi="0" ci="1" mb="0" cb="0"/><line nr="214" mi="0" ci="6" mb="0" cb="0"/><line nr="215" mi="0" ci="5" mb="0" cb="0"/><line nr="219" mi="0" ci="3" mb="0" cb="2"/><line nr="220" mi="0" ci="4" mb="0" cb="0"/><line nr="223" mi="0" ci="2" mb="0" cb="0"/><line nr="248" mi="0" ci="3" mb="0" cb="0"/><line nr="251" mi="0" ci="4" mb="0" cb="0"/><line nr="253" mi="0" ci="4" mb="0" cb="2"/><line nr="254" mi="0" ci="3" mb="0" cb="0"/><line nr="255" mi="0" ci="3" mb="1" cb="1"/><line nr="256" mi="12" ci="0" mb="0" cb="0"/><line nr="258" mi="0" ci="6" mb="0" cb="0"/><line nr="260" mi="0" ci="5" mb="0" cb="2"/><line nr="261" mi="0" ci="6" mb="0" cb="2"/><line nr="263" mi="0" ci="4" mb="0" cb="0"/><line nr="264" mi="0" ci="7" mb="0" cb="0"/><line nr="268" mi="0" ci="4" mb="0" cb="0"/><line nr="269" mi="0" ci="4" mb="0" cb="2"/><line nr="270" mi="0" ci="3" mb="0" cb="0"/><line nr="271" mi="0" ci="2" mb="0" cb="0"/><line nr="272" mi="0" ci="4" mb="0" cb="2"/><line nr="273" mi="0" ci="3" mb="0" cb="0"/><line nr="274" mi="0" ci="3" mb="0" cb="0"/><line nr="275" mi="0" ci="2" mb="0" cb="0"/><line nr="276" mi="0" ci="4" mb="0" cb="2"/><line nr="277" mi="0" ci="3" mb="0" cb="0"/><line nr="278" mi="0" ci="2" mb="0" cb="0"/><line nr="279" mi="0" ci="4" mb="1" cb="1"/><line nr="281" mi="15" ci="0" mb="0" cb="0"/><line nr="286" mi="0" ci="4" mb="1" cb="1"/><line nr="288" mi="14" ci="0" mb="0" cb="0"/><line nr="292" mi="0" ci="7" mb="0" cb="0"/><line nr="298" mi="0" ci="7" mb="0" cb="2"/><line nr="307" mi="0" ci="4" mb="0" cb="0"/><line nr="316" mi="0" ci="4" mb="0" cb="0"/><line nr="333" mi="0" ci="4" mb="0" cb="0"/><line nr="334" mi="0" ci="2" mb="3" cb="5"/><line nr="336" mi="0" ci="2" mb="0" cb="0"/><line nr="338" mi="0" ci="2" mb="0" cb="0"/><line nr="340" mi="2" ci="0" mb="0" cb="0"/><line nr="342" mi="2" ci="0" mb="0" cb="0"/><line nr="344" mi="2" ci="0" mb="0" cb="0"/><line nr="350" mi="0" ci="2" mb="0" cb="0"/><line nr="352" mi="0" ci="5" mb="0" cb="0"/><line nr="355" mi="0" ci="4" mb="0" cb="2"/><line nr="356" mi="0" ci="2" mb="0" cb="0"/><line nr="359" mi="0" ci="2" mb="0" cb="0"/><line nr="364" mi="0" ci="3" mb="0" cb="0"/><line nr="365" mi="0" ci="9" mb="1" cb="3"/><line nr="366" mi="0" ci="5" mb="0" cb="0"/><line nr="368" mi="0" ci="4" mb="0" cb="2"/><line nr="369" mi="0" ci="3" mb="0" cb="0"/><line nr="371" mi="0" ci="1" mb="0" cb="0"/><line nr="380" mi="0" ci="8" mb="0" cb="4"/><line nr="382" mi="0" ci="4" mb="0" cb="0"/><line nr="384" mi="0" ci="3" mb="0" cb="2"/><line nr="385" mi="0" ci="3" mb="0" cb="0"/><line nr="389" mi="0" ci="3" mb="0" cb="2"/><line nr="390" mi="0" ci="3" mb="0" cb="2"/><line nr="391" mi="0" ci="4" mb="0" cb="0"/><line nr="392" mi="0" ci="3" mb="0" cb="2"/><line nr="393" mi="0" ci="3" mb="0" cb="0"/><line nr="397" mi="0" ci="10" mb="0" cb="4"/><line nr="401" mi="0" ci="4" mb="0" cb="0"/><line nr="408" mi="0" ci="12" mb="0" cb="4"/><line nr="418" mi="0" ci="13" mb="0" cb="6"/><line nr="425" mi="0" ci="7" mb="0" cb="2"/><line nr="429" mi="0" ci="8" mb="0" cb="2"/><line nr="433" mi="0" ci="8" mb="0" cb="2"/><line nr="437" mi="0" ci="8" mb="0" cb="2"/><line nr="441" mi="0" ci="8" mb="0" cb="2"/><line nr="445" mi="0" ci="20" mb="1" cb="7"/><line nr="459" mi="0" ci="3" mb="0" cb="0"/><line nr="460" mi="0" ci="1" mb="0" cb="0"/><counter type="INSTRUCTION" missed="52" covered="569"/><counter type="BRANCH" missed="9" covered="119"/><counter type="LINE" missed="8" covered="134"/><counter type="COMPLEXITY" missed="9" covered="80"/><counter type="METHOD" missed="0" covered="22"/><counter type="CLASS" missed="0" covered="1"/></sourcefile><sourcefile name="CSVFormat.java"><line nr="163" mi="0" ci="40" mb="0" cb="0"/><line nr="168" mi="0" ci="7" mb="0" cb="0"/><line nr="173" mi="0" ci="7" mb="0" cb="0"/><line nr="179" mi="0" ci="7" mb="0" cb="0"/><line nr="185" mi="0" ci="7" mb="0" cb="0"/><line nr="190" mi="0" ci="7" mb="0" cb="0"/><line nr="196" mi="0" ci="7" mb="0" cb="0"/><line nr="201" mi="0" ci="7" mb="0" cb="0"/><line nr="206" mi="0" ci="7" mb="0" cb="0"/><line nr="211" mi="0" ci="7" mb="0" cb="0"/><line nr="215" mi="0" ci="4" mb="0" cb="0"/><line nr="216" mi="0" ci="3" mb="0" cb="0"/><line nr="217" mi="0" ci="1" mb="0" cb="0"/><line nr="225" mi="0" ci="3" mb="0" cb="0"/><line nr="244" mi="0" ci="21" mb="0" cb="0"/><line nr="277" mi="0" ci="5" mb="0" cb="0"/><line nr="307" mi="0" ci="10" mb="0" cb="0"/><line nr="338" mi="0" ci="8" mb="0" cb="0"/><line nr="370" mi="0" ci="16" mb="0" cb="0"/><line nr="407" mi="0" ci="16" mb="0" cb="0"/><line nr="444" mi="0" ci="16" mb="0" cb="0"/><line nr="469" mi="0" ci="4" mb="0" cb="0"/><line nr="489" mi="0" ci="6" mb="0" cb="0"/><line nr="503" mi="0" ci="10" mb="0" cb="4"/><line nr="515" mi="0" ci="10" mb="0" cb="4"/><line nr="539" mi="0" ci="21" mb="0" cb="0"/><line nr="552" mi="0" ci="4" mb="0" cb="0"/><line nr="633" mi="0" ci="2" mb="0" cb="0"/><line nr="634" mi="0" ci="3" mb="0" cb="0"/><line nr="635" mi="0" ci="3" mb="0" cb="0"/><line nr="636" mi="0" ci="3" mb="0" cb="0"/><line nr="637" mi="0" ci="3" mb="0" cb="0"/><line nr="638" mi="0" ci="3" mb="0" cb="0"/><line nr="639" mi="0" ci="3" mb="0" cb="0"/><line nr="640" mi="0" ci="3" mb="0" cb="0"/><line nr="641" mi="0" ci="3" mb="0" cb="0"/><line nr="642" mi="0" ci="3" mb="0" cb="0"/><line nr="643" mi="0" ci="3" mb="0" cb="0"/><line nr="644" mi="0" ci="5" mb="0" cb="0"/><line nr="645" mi="0" ci="9" mb="0" cb="2"/><line nr="646" mi="0" ci="3" mb="0" cb="0"/><line nr="647" mi="0" ci="3" mb="0" cb="0"/><line nr="648" mi="0" ci="3" mb="0" cb="0"/><line nr="649" mi="0" ci="3" mb="0" cb="0"/><line nr="650" mi="0" ci="3" mb="0" cb="0"/><line nr="651" mi="0" ci="2" mb="0" cb="0"/><line nr="652" mi="0" ci="1" mb="0" cb="0"/><line nr="656" mi="0" ci="3" mb="0" cb="2"/><line nr="657" mi="0" ci="2" mb="0" cb="0"/><line nr="659" mi="0" ci="2" mb="0" cb="2"/><line nr="660" mi="0" ci="2" mb="0" cb="0"/><line nr="662" mi="0" ci="5" mb="0" cb="2"/><line nr="663" mi="0" ci="2" mb="0" cb="0"/><line nr="666" mi="0" ci="3" mb="0" cb="0"/><line nr="667" mi="0" ci="5" mb="0" cb="2"/><line nr="668" mi="0" ci="2" mb="0" cb="0"/><line nr="670" mi="0" ci="5" mb="0" cb="2"/><line nr="671" mi="0" ci="2" mb="0" cb="0"/><line nr="673" mi="0" ci="3" mb="0" cb="2"/><line nr="674" mi="0" ci="3" mb="0" cb="2"/><line nr="675" mi="0" ci="2" mb="0" cb="0"/><line nr="677" mi="0" ci="6" mb="0" cb="2"/><line nr="678" mi="0" ci="2" mb="0" cb="0"/><line nr="680" mi="0" ci="3" mb="0" cb="2"/><line nr="681" mi="0" ci="3" mb="0" cb="2"/><line nr="682" mi="0" ci="2" mb="0" cb="0"/><line nr="684" mi="0" ci="6" mb="0" cb="2"/><line nr="685" mi="0" ci="2" mb="0" cb="0"/><line nr="687" mi="0" ci="3" mb="0" cb="2"/><line nr="688" mi="0" ci="3" mb="1" cb="1"/><line nr="689" mi="2" ci="0" mb="0" cb="0"/><line nr="691" mi="0" ci="6" mb="0" cb="2"/><line nr="692" mi="0" ci="2" mb="0" cb="0"/><line nr="694" mi="0" ci="3" mb="0" cb="2"/><line nr="695" mi="0" ci="3" mb="1" cb="1"/><line nr="696" mi="2" ci="0" mb="0" cb="0"/><line nr="698" mi="0" ci="6" mb="0" cb="2"/><line nr="699" mi="0" ci="2" mb="0" cb="0"/><line nr="701" mi="0" ci="6" mb="0" cb="2"/><line nr="702" mi="0" ci="2" mb="0" cb="0"/><line nr="704" mi="0" ci="5" mb="0" cb="2"/><line nr="705" mi="0" ci="2" mb="0" cb="0"/><line nr="707" mi="0" ci="5" mb="0" cb="2"/><line nr="708" mi="0" ci="2" mb="0" cb="0"/><line nr="710" mi="0" ci="5" mb="0" cb="2"/><line nr="711" mi="0" ci="2" mb="0" cb="0"/><line nr="713" mi="0" ci="3" mb="0" cb="2"/><line nr="714" mi="0" ci="3" mb="1" cb="1"/><line nr="715" mi="2" ci="0" mb="0" cb="0"/><line nr="717" mi="0" ci="6" mb="0" cb="2"/><line nr="718" mi="0" ci="2" mb="0" cb="0"/><line nr="720" mi="0" ci="2" mb="0" cb="0"/><line nr="731" mi="0" ci="4" mb="0" cb="0"/><line nr="732" mi="0" ci="8" mb="0" cb="0"/><line nr="733" mi="0" ci="3" mb="0" cb="0"/><line nr="734" mi="0" ci="4" mb="0" cb="0"/><line nr="735" mi="1" ci="2" mb="0" cb="0"/><line nr="737" mi="5" ci="0" mb="0" cb="0"/><line nr="748" mi="0" ci="3" mb="0" cb="0"/><line nr="757" mi="0" ci="3" mb="0" cb="0"/><line nr="766" mi="0" ci="3" mb="0" cb="0"/><line nr="775" mi="0" ci="3" mb="0" cb="0"/><line nr="784" mi="0" ci="10" mb="0" cb="2"/><line nr="793" mi="0" ci="10" mb="0" cb="2"/><line nr="803" mi="0" ci="3" mb="0" cb="0"/><line nr="813" mi="0" ci="3" mb="0" cb="0"/><line nr="822" mi="0" ci="3" mb="0" cb="0"/><line nr="836" mi="0" ci="3" mb="0" cb="0"/><line nr="845" mi="0" ci="3" mb="0" cb="0"/><line nr="854" mi="0" ci="3" mb="0" cb="0"/><line nr="863" mi="0" ci="3" mb="0" cb="0"/><line nr="872" mi="0" ci="3" mb="0" cb="0"/><line nr="882" mi="0" ci="3" mb="0" cb="0"/><line nr="891" mi="0" ci="3" mb="0" cb="0"/><line nr="901" mi="0" ci="3" mb="0" cb="0"/><line nr="906" mi="0" ci="2" mb="0" cb="0"/><line nr="907" mi="0" ci="2" mb="0" cb="0"/><line nr="909" mi="0" ci="7" mb="0" cb="0"/><line nr="910" mi="3" ci="10" mb="1" cb="1"/><line nr="911" mi="2" ci="11" mb="1" cb="1"/><line nr="912" mi="3" ci="10" mb="1" cb="1"/><line nr="913" mi="3" ci="10" mb="1" cb="1"/><line nr="914" mi="3" ci="10" mb="1" cb="1"/><line nr="915" mi="2" ci="9" mb="1" cb="1"/><line nr="916" mi="0" ci="11" mb="0" cb="2"/><line nr="917" mi="1" ci="10" mb="1" cb="1"/><line nr="918" mi="2" ci="9" mb="1" cb="1"/><line nr="919" mi="2" ci="11" mb="1" cb="1"/><line nr="920" mi="0" ci="8" mb="0" cb="0"/><line nr="921" mi="0" ci="2" mb="0" cb="0"/><line nr="932" mi="0" ci="7" mb="0" cb="2"/><line nr="941" mi="0" ci="7" mb="0" cb="2"/><line nr="950" mi="0" ci="7" mb="0" cb="2"/><line nr="959" mi="0" ci="7" mb="0" cb="2"/><line nr="976" mi="0" ci="6" mb="0" cb="0"/><line nr="993" mi="0" ci="6" mb="0" cb="0"/><line nr="1009" mi="0" ci="6" mb="0" cb="0"/><line nr="1031" mi="0" ci="13" mb="0" cb="0"/><line nr="1051" mi="0" ci="8" mb="0" cb="0"/><line nr="1072" mi="0" ci="2" mb="0" cb="2"/><line nr="1074" mi="0" ci="4" mb="0" cb="2"/><line nr="1075" mi="0" ci="3" mb="0" cb="0"/><line nr="1077" mi="0" ci="4" mb="0" cb="2"/><line nr="1078" mi="0" ci="15" mb="0" cb="0"/><line nr="1080" mi="0" ci="4" mb="0" cb="0"/><line nr="1084" mi="0" ci="9" mb="0" cb="2"/><line nr="1086" mi="0" ci="9" mb="0" cb="2"/><line nr="1087" mi="0" ci="9" mb="0" cb="0"/><line nr="1088" mi="0" ci="1" mb="0" cb="0"/><line nr="1092" mi="0" ci="2" mb="0" cb="2"/><line nr="1093" mi="0" ci="5" mb="0" cb="0"/><line nr="1095" mi="0" ci="2" mb="0" cb="2"/><line nr="1096" mi="0" ci="5" mb="0" cb="0"/><line nr="1097" mi="0" ci="3" mb="0" cb="2"/><line nr="1099" mi="0" ci="9" mb="0" cb="0"/><line nr="1100" mi="0" ci="3" mb="0" cb="2"/><line nr="1101" mi="0" ci="7" mb="0" cb="0"/><line nr="1103" mi="0" ci="8" mb="0" cb="0"/><line nr="1105" mi="0" ci="1" mb="0" cb="0"/><line nr="1112" mi="0" ci="2" mb="0" cb="0"/><line nr="1113" mi="0" ci="2" mb="0" cb="0"/><line nr="1114" mi="0" ci="4" mb="0" cb="0"/><line nr="1116" mi="0" ci="3" mb="0" cb="0"/><line nr="1117" mi="0" ci="4" mb="0" cb="0"/><line nr="1119" mi="0" ci="3" mb="0" cb="2"/><line nr="1120" mi="0" ci="4" mb="0" cb="0"/><line nr="1121" mi="0" ci="12" mb="0" cb="8"/><line nr="1123" mi="0" ci="3" mb="0" cb="2"/><line nr="1124" mi="0" ci="6" mb="0" cb="0"/><line nr="1126" mi="0" ci="3" mb="0" cb="2"/><line nr="1127" mi="0" ci="3" mb="0" cb="0"/><line nr="1128" mi="0" ci="3" mb="0" cb="2"/><line nr="1129" mi="0" ci="2" mb="0" cb="0"/><line nr="1132" mi="0" ci="4" mb="0" cb="0"/><line nr="1133" mi="0" ci="4" mb="0" cb="0"/><line nr="1135" mi="0" ci="4" mb="0" cb="0"/><line nr="1138" mi="0" ci="1" mb="0" cb="0"/><line nr="1139" mi="0" ci="1" mb="0" cb="0"/><line nr="1142" mi="0" ci="3" mb="0" cb="2"/><line nr="1143" mi="0" ci="6" mb="0" cb="0"/><line nr="1145" mi="0" ci="1" mb="0" cb="0"/><line nr="1153" mi="0" ci="2" mb="0" cb="0"/><line nr="1154" mi="0" ci="2" mb="0" cb="0"/><line nr="1155" mi="0" ci="2" mb="0" cb="0"/><line nr="1156" mi="0" ci="4" mb="0" cb="0"/><line nr="1158" mi="0" ci="3" mb="0" cb="0"/><line nr="1159" mi="0" ci="4" mb="0" cb="0"/><line nr="1161" mi="0" ci="3" mb="0" cb="0"/><line nr="1162" mi="0" ci="2" mb="0" cb="2"/><line nr="1163" mi="0" ci="2" mb="0" cb="0"/><line nr="1165" mi="0" ci="5" mb="1" cb="4"/><line nr="1168" mi="0" ci="2" mb="0" cb="0"/><line nr="1169" mi="0" ci="1" mb="0" cb="0"/><line nr="1171" mi="0" ci="7" mb="0" cb="2"/><line nr="1172" mi="0" ci="1" mb="0" cb="0"/><line nr="1175" mi="0" ci="6" mb="0" cb="0"/><line nr="1176" mi="0" ci="1" mb="0" cb="0"/><line nr="1178" mi="0" ci="2" mb="0" cb="2"/><line nr="1183" mi="0" ci="2" mb="0" cb="2"/><line nr="1184" mi="0" ci="3" mb="0" cb="0"/><line nr="1187" mi="0" ci="4" mb="0" cb="0"/><line nr="1189" mi="0" ci="3" mb="0" cb="2"/><line nr="1193" mi="0" ci="3" mb="0" cb="0"/><line nr="1195" mi="0" ci="3" mb="0" cb="2"/><line nr="1196" mi="0" ci="4" mb="0" cb="0"/><line nr="1197" mi="0" ci="12" mb="0" cb="8"/><line nr="1198" mi="0" ci="2" mb="0" cb="0"/><line nr="1199" mi="0" ci="1" mb="0" cb="0"/><line nr="1201" mi="0" ci="2" mb="0" cb="0"/><line nr="1204" mi="0" ci="2" mb="0" cb="2"/><line nr="1205" mi="0" ci="4" mb="0" cb="0"/><line nr="1206" mi="0" ci="4" mb="0" cb="0"/><line nr="1209" mi="0" ci="3" mb="0" cb="2"/><line nr="1210" mi="0" ci="2" mb="0" cb="0"/><line nr="1216" mi="0" ci="2" mb="0" cb="2"/><line nr="1218" mi="0" ci="6" mb="0" cb="0"/><line nr="1219" mi="0" ci="1" mb="0" cb="0"/><line nr="1223" mi="12" ci="0" mb="0" cb="0"/><line nr="1226" mi="0" ci="2" mb="0" cb="2"/><line nr="1228" mi="0" ci="6" mb="0" cb="0"/><line nr="1229" mi="0" ci="1" mb="0" cb="0"/><line nr="1233" mi="0" ci="4" mb="0" cb="0"/><line nr="1237" mi="0" ci="3" mb="0" cb="2"/><line nr="1238" mi="0" ci="4" mb="0" cb="0"/><line nr="1239" mi="0" ci="3" mb="0" cb="2"/><line nr="1243" mi="0" ci="8" mb="0" cb="0"/><line nr="1246" mi="0" ci="2" mb="0" cb="0"/><line nr="1248" mi="0" ci="1" mb="0" cb="0"/><line nr="1249" mi="0" ci="1" mb="0" cb="0"/><line nr="1252" mi="0" ci="6" mb="0" cb="0"/><line nr="1253" mi="0" ci="4" mb="0" cb="0"/><line nr="1254" mi="0" ci="1" mb="0" cb="0"/><line nr="1266" mi="0" ci="3" mb="0" cb="2"/><line nr="1267" mi="0" ci="5" mb="0" cb="0"/><line nr="1269" mi="0" ci="3" mb="0" cb="2"/><line nr="1270" mi="0" ci="5" mb="0" cb="0"/><line nr="1272" mi="0" ci="1" mb="0" cb="0"/><line nr="1292" mi="0" ci="8" mb="0" cb="2"/><line nr="1293" mi="0" ci="11" mb="0" cb="2"/><line nr="1295" mi="0" ci="3" mb="0" cb="0"/><line nr="1296" mi="0" ci="1" mb="0" cb="0"/><line nr="1300" mi="0" ci="4" mb="0" cb="0"/><line nr="1301" mi="0" ci="9" mb="0" cb="0"/><line nr="1302" mi="0" ci="3" mb="0" cb="2"/><line nr="1303" mi="0" ci="4" mb="0" cb="0"/><line nr="1304" mi="0" ci="9" mb="0" cb="0"/><line nr="1306" mi="0" ci="3" mb="1" cb="1"/><line nr="1307" mi="0" ci="4" mb="0" cb="0"/><line nr="1308" mi="0" ci="9" mb="0" cb="0"/><line nr="1310" mi="0" ci="3" mb="0" cb="2"/><line nr="1311" mi="0" ci="4" mb="0" cb="0"/><line nr="1312" mi="0" ci="9" mb="0" cb="0"/><line nr="1314" mi="0" ci="3" mb="1" cb="1"/><line nr="1315" mi="4" ci="0" mb="0" cb="0"/><line nr="1316" mi="9" ci="0" mb="0" cb="0"/><line nr="1318" mi="0" ci="3" mb="0" cb="2"/><line nr="1319" mi="0" ci="4" mb="0" cb="0"/><line nr="1320" mi="0" ci="9" mb="0" cb="0"/><line nr="1322" mi="0" ci="3" mb="0" cb="2"/><line nr="1323" mi="0" ci="4" mb="0" cb="0"/><line nr="1325" mi="0" ci="3" mb="0" cb="2"/><line nr="1326" mi="0" ci="4" mb="0" cb="0"/><line nr="1328" mi="0" ci="3" mb="1" cb="1"/><line nr="1329" mi="4" ci="0" mb="0" cb="0"/><line nr="1331" mi="0" ci="7" mb="0" cb="0"/><line nr="1332" mi="0" ci="3" mb="1" cb="1"/><line nr="1333" mi="4" ci="0" mb="0" cb="0"/><line nr="1334" mi="8" ci="0" mb="0" cb="0"/><line nr="1336" mi="0" ci="3" mb="1" cb="1"/><line nr="1337" mi="4" ci="0" mb="0" cb="0"/><line nr="1338" mi="8" ci="0" mb="0" cb="0"/><line nr="1340" mi="0" ci="3" mb="0" cb="0"/><line nr="1344" mi="0" ci="2" mb="0" cb="2"/><line nr="1345" mi="0" ci="2" mb="0" cb="0"/><line nr="1347" mi="0" ci="4" mb="0" cb="0"/><line nr="1348" mi="0" ci="8" mb="0" cb="2"/><line nr="1349" mi="0" ci="4" mb="0" cb="0"/><line nr="1350" mi="0" ci="9" mb="0" cb="2"/><line nr="1352" mi="0" ci="2" mb="0" cb="0"/><line nr="1356" mi="0" ci="3" mb="1" cb="1"/><line nr="1357" mi="0" ci="4" mb="0" cb="0"/><line nr="1359" mi="3" ci="0" mb="0" cb="0"/><line nr="1360" mi="2" ci="0" mb="0" cb="0"/><line nr="1361" mi="2" ci="0" mb="0" cb="0"/><line nr="1363" mi="8" ci="0" mb="4" cb="0"/><line nr="1364" mi="2" ci="0" mb="0" cb="0"/><line nr="1366" mi="10" ci="0" mb="4" cb="0"/><line nr="1367" mi="2" ci="0" mb="0" cb="0"/><line nr="1369" mi="12" ci="0" mb="4" cb="0"/><line nr="1378" mi="0" ci="4" mb="1" cb="1"/><line nr="1379" mi="5" ci="0" mb="0" cb="0"/><line nr="1382" mi="0" ci="9" mb="0" cb="4"/><line nr="1383" mi="0" ci="15" mb="0" cb="0"/><line nr="1387" mi="0" ci="9" mb="0" cb="4"/><line nr="1388" mi="0" ci="15" mb="0" cb="0"/><line nr="1392" mi="0" ci="9" mb="0" cb="4"/><line nr="1393" mi="0" ci="15" mb="0" cb="0"/><line nr="1397" mi="0" ci="9" mb="0" cb="4"/><line nr="1398" mi="0" ci="15" mb="0" cb="0"/><line nr="1402" mi="0" ci="9" mb="0" cb="4"/><line nr="1403" mi="0" ci="15" mb="0" cb="0"/><line nr="1407" mi="0" ci="7" mb="0" cb="4"/><line nr="1408" mi="0" ci="5" mb="0" cb="0"/><line nr="1412" mi="0" ci="3" mb="0" cb="2"/><line nr="1413" mi="0" ci="4" mb="0" cb="0"/><line nr="1414" mi="0" ci="17" mb="0" cb="2"/><line nr="1415" mi="0" ci="4" mb="0" cb="2"/><line nr="1416" mi="0" ci="18" mb="0" cb="0"/><line nr="1421" mi="0" ci="1" mb="0" cb="0"/><line nr="1431" mi="0" ci="4" mb="0" cb="0"/><line nr="1443" mi="0" ci="37" mb="0" cb="0"/><line nr="1460" mi="0" ci="5" mb="0" cb="0"/><line nr="1475" mi="0" ci="3" mb="0" cb="2"/><line nr="1476" mi="0" ci="5" mb="0" cb="0"/><line nr="1478" mi="0" ci="37" mb="0" cb="0"/><line nr="1493" mi="0" ci="3" mb="0" cb="2"/><line nr="1494" mi="0" ci="5" mb="0" cb="0"/><line nr="1496" mi="0" ci="37" mb="0" cb="0"/><line nr="1511" mi="0" ci="5" mb="0" cb="0"/><line nr="1524" mi="0" ci="3" mb="0" cb="2"/><line nr="1525" mi="0" ci="5" mb="0" cb="0"/><line nr="1527" mi="0" ci="37" mb="0" cb="0"/><line nr="1549" mi="0" ci="6" mb="0" cb="0"/><line nr="1579" mi="0" ci="2" mb="0" cb="0"/><line nr="1580" mi="0" ci="2" mb="1" cb="1"/><line nr="1581" mi="0" ci="4" mb="0" cb="0"/><line nr="1582" mi="0" ci="4" mb="0" cb="0"/><line nr="1583" mi="0" ci="8" mb="0" cb="2"/><line nr="1584" mi="0" ci="7" mb="0" cb="0"/><line nr="1587" mi="0" ci="4" mb="0" cb="0"/><line nr="1617" mi="1" ci="8" mb="1" cb="1"/><line nr="1647" mi="0" ci="2" mb="0" cb="0"/><line nr="1648" mi="0" ci="2" mb="1" cb="1"/><line nr="1649" mi="0" ci="3" mb="0" cb="0"/><line nr="1650" mi="0" ci="3" mb="0" cb="0"/><line nr="1651" mi="0" ci="7" mb="0" cb="2"/><line nr="1652" mi="0" ci="8" mb="0" cb="0"/><line nr="1655" mi="0" ci="4" mb="0" cb="0"/><line nr="1682" mi="0" ci="37" mb="0" cb="0"/><line nr="1703" mi="0" ci="37" mb="0" cb="0"/><line nr="1716" mi="0" ci="4" mb="0" cb="0"/><line nr="1728" mi="0" ci="37" mb="0" cb="0"/><line nr="1741" mi="0" ci="4" mb="0" cb="0"/><line nr="1754" mi="0" ci="37" mb="0" cb="0"/><line nr="1767" mi="0" ci="4" mb="0" cb="0"/><line nr="1779" mi="0" ci="37" mb="0" cb="0"/><line nr="1798" mi="0" ci="37" mb="0" cb="0"/><line nr="1813" mi="0" ci="5" mb="0" cb="0"/><line nr="1826" mi="0" ci="3" mb="0" cb="2"/><line nr="1827" mi="0" ci="5" mb="0" cb="0"/><line nr="1829" mi="0" ci="37" mb="0" cb="0"/><line nr="1843" mi="0" ci="37" mb="0" cb="0"/><line nr="1862" mi="0" ci="5" mb="0" cb="0"/><line nr="1881" mi="0" ci="37" mb="0" cb="0"/><line nr="1895" mi="0" ci="4" mb="0" cb="0"/><line nr="1908" mi="0" ci="37" mb="0" cb="0"/><line nr="1920" mi="0" ci="4" mb="0" cb="0"/><line nr="1933" mi="0" ci="37" mb="0" cb="0"/><line nr="1945" mi="0" ci="4" mb="0" cb="0"/><line nr="1958" mi="0" ci="37" mb="0" cb="0"/><line nr="1973" mi="0" ci="37" mb="0" cb="0"/><counter type="INSTRUCTION" missed="133" covered="2236"/><counter type="BRANCH" missed="35" covered="226"/><counter type="LINE" missed="21" covered="340"/><counter type="COMPLEXITY" missed="29" covered="183"/><counter type="METHOD" missed="0" covered="80"/><counter type="CLASS" missed="0" covered="2"/></sourcefile><sourcefile name="Assertions.java"><line nr="34" mi="0" ci="2" mb="0" cb="2"/><line nr="35" mi="0" ci="14" mb="0" cb="0"/><line nr="37" mi="0" ci="1" mb="0" cb="0"/><counter type="INSTRUCTION" missed="0" covered="17"/><counter type="BRANCH" missed="0" covered="2"/><counter type="LINE" missed="0" covered="3"/><counter type="COMPLEXITY" missed="0" covered="2"/><counter type="METHOD" missed="0" covered="1"/><counter type="CLASS" missed="0" covered="1"/></sourcefile><sourcefile name="CSVPrinter.java"><line nr="40" mi="0" ci="3" mb="0" cb="0"/><line nr="58" mi="0" ci="2" mb="0" cb="0"/><line nr="59" mi="0" ci="3" mb="0" cb="0"/><line nr="60" mi="0" ci="3" mb="0" cb="0"/><line nr="62" mi="0" ci="3" mb="0" cb="0"/><line nr="63" mi="0" ci="3" mb="0" cb="0"/><line nr="66" mi="0" ci="3" mb="0" cb="2"/><line nr="67" mi="0" ci="17" mb="0" cb="2"/><line nr="68" mi="0" ci="2" mb="0" cb="2"/><line nr="69" mi="0" ci="3" mb="0" cb="0"/><line nr="73" mi="0" ci="6" mb="0" cb="4"/><line nr="74" mi="0" ci="5" mb="0" cb="0"/><line nr="76" mi="0" ci="1" mb="0" cb="0"/><line nr="84" mi="0" ci="3" mb="0" cb="0"/><line nr="85" mi="0" ci="1" mb="0" cb="0"/><line nr="96" mi="0" ci="6" mb="0" cb="4"/><line nr="97" mi="0" ci="4" mb="1" cb="1"/><line nr="98" mi="0" ci="4" mb="0" cb="0"/><line nr="101" mi="0" ci="4" mb="0" cb="2"/><line nr="102" mi="0" ci="4" mb="0" cb="0"/><line nr="104" mi="0" ci="1" mb="0" cb="0"/><line nr="114" mi="0" ci="4" mb="1" cb="1"/><line nr="115" mi="0" ci="4" mb="0" cb="0"/><line nr="117" mi="0" ci="1" mb="0" cb="0"/><line nr="125" mi="0" ci="3" mb="0" cb="0"/><line nr="137" mi="0" ci="8" mb="0" cb="0"/><line nr="138" mi="0" ci="3" mb="0" cb="0"/><line nr="139" mi="0" ci="1" mb="0" cb="0"/><line nr="157" mi="0" ci="4" mb="0" cb="2"/><line nr="158" mi="0" ci="1" mb="0" cb="0"/><line nr="160" mi="0" ci="3" mb="1" cb="1"/><line nr="161" mi="2" ci="0" mb="0" cb="0"/><line nr="163" mi="0" ci="8" mb="0" cb="0"/><line nr="164" mi="0" ci="5" mb="0" cb="0"/><line nr="165" mi="0" ci="8" mb="0" cb="2"/><line nr="166" mi="0" ci="4" mb="0" cb="0"/><line nr="167" mi="0" ci="2" mb="1" cb="2"/><line nr="169" mi="13" ci="0" mb="4" cb="0"/><line nr="170" mi="1" ci="0" mb="0" cb="0"/><line nr="174" mi="0" ci="2" mb="0" cb="0"/><line nr="175" mi="0" ci="8" mb="0" cb="0"/><line nr="176" mi="0" ci="5" mb="0" cb="0"/><line nr="177" mi="0" ci="1" mb="0" cb="0"/><line nr="179" mi="0" ci="5" mb="0" cb="0"/><line nr="183" mi="0" ci="2" mb="0" cb="0"/><line nr="184" mi="0" ci="1" mb="0" cb="0"/><line nr="193" mi="0" ci="5" mb="0" cb="0"/><line nr="194" mi="0" ci="3" mb="0" cb="0"/><line nr="195" mi="0" ci="1" mb="0" cb="0"/><line nr="211" mi="0" ci="9" mb="0" cb="2"/><line nr="212" mi="0" ci="3" mb="0" cb="0"/><line nr="213" mi="0" ci="1" mb="0" cb="0"/><line nr="214" mi="0" ci="2" mb="0" cb="0"/><line nr="215" mi="0" ci="1" mb="0" cb="0"/><line nr="231" mi="0" ci="6" mb="0" cb="0"/><line nr="232" mi="0" ci="3" mb="0" cb="0"/><line nr="233" mi="0" ci="1" mb="0" cb="0"/><line nr="275" mi="0" ci="9" mb="0" cb="2"/><line nr="276" mi="0" ci="3" mb="0" cb="2"/><line nr="277" mi="0" ci="6" mb="0" cb="0"/><line nr="278" mi="0" ci="3" mb="0" cb="2"/><line nr="279" mi="0" ci="5" mb="0" cb="0"/><line nr="281" mi="0" ci="8" mb="0" cb="0"/><line nr="283" mi="0" ci="1" mb="0" cb="0"/><line nr="284" mi="0" ci="1" mb="0" cb="0"/><line nr="326" mi="0" ci="16" mb="0" cb="2"/><line nr="327" mi="0" ci="3" mb="0" cb="2"/><line nr="328" mi="0" ci="6" mb="0" cb="0"/><line nr="329" mi="0" ci="3" mb="0" cb="2"/><line nr="330" mi="0" ci="5" mb="0" cb="0"/><line nr="332" mi="0" ci="8" mb="0" cb="0"/><line nr="335" mi="0" ci="1" mb="0" cb="0"/><line nr="348" mi="0" ci="4" mb="0" cb="0"/><line nr="349" mi="0" ci="3" mb="0" cb="2"/><line nr="350" mi="0" ci="7" mb="0" cb="2"/><line nr="351" mi="0" ci="5" mb="0" cb="0"/><line nr="353" mi="0" ci="3" mb="0" cb="0"/><line nr="355" mi="0" ci="1" mb="0" cb="0"/><counter type="INSTRUCTION" missed="16" covered="300"/><counter type="BRANCH" missed="8" covered="43"/><counter type="LINE" missed="3" covered="75"/><counter type="COMPLEXITY" missed="6" covered="33"/><counter type="METHOD" missed="0" covered="13"/><counter type="CLASS" missed="0" covered="1"/></sourcefile><sourcefile name="Constants.java"><line nr="23" mi="3" ci="0" mb="0" cb="0"/><line nr="41" mi="0" ci="4" mb="0" cb="0"/><counter type="INSTRUCTION" missed="3" covered="4"/><counter type="LINE" missed="1" covered="1"/><counter type="COMPLEXITY" missed="1" covered="1"/><counter type="METHOD" missed="1" covered="1"/><counter type="CLASS" missed="0" covered="1"/></sourcefile><counter type="INSTRUCTION" missed="356" covered="4121"/><counter type="BRANCH" missed="61" covered="507"/><counter type="LINE" missed="50" covered="757"/><counter type="COMPLEXITY" missed="60" covered="407"/><counter type="METHOD" missed="8" covered="168"/><counter type="CLASS" missed="0" covered="13"/></package><counter type="INSTRUCTION" missed="356" covered="4121"/><counter type="BRANCH" missed="61" covered="507"/><counter type="LINE" missed="50" covered="757"/><counter type="COMPLEXITY" missed="60" covered="407"/><counter type="METHOD" missed="8" covered="168"/><counter type="CLASS" missed="0" covered="13"/></report>